ERROR - 2024-11-13 11:20:33 --> Error connecting to the database: mysqli_sql_exception: No connection could be made because the target machine actively refused it in C:\Users\Home\Desktop\codeigniter4-framework-v4.5.5-0-g2849e7f\codeigniter4-framework-2849e7f\system\Database\MySQLi\Connection.php:187
Stack trace:
#0 C:\Users\Home\Desktop\codeigniter4-framework-v4.5.5-0-g2849e7f\codeigniter4-framework-2849e7f\system\Database\MySQLi\Connection.php(187): mysqli->real_connect('localhost', 'root', '', 'codeigniter', 3306, '', 0)
#1 C:\Users\Home\Desktop\codeigniter4-framework-v4.5.5-0-g2849e7f\codeigniter4-framework-2849e7f\system\Database\BaseConnection.php(421): CodeIgniter\Database\MySQLi\Connection->connect(false)
#2 C:\Users\Home\Desktop\codeigniter4-framework-v4.5.5-0-g2849e7f\codeigniter4-framework-2849e7f\system\Database\BaseConnection.php(616): CodeIgniter\Database\BaseConnection->initialize()
#3 C:\Users\Home\Desktop\codeigniter4-framework-v4.5.5-0-g2849e7f\codeigniter4-framework-2849e7f\system\Database\BaseBuilder.php(1644): CodeIgniter\Database\BaseConnection->query('SELECT *\nFROM `...', Array, false)
#4 C:\Users\Home\Desktop\codeigniter4-framework-v4.5.5-0-g2849e7f\codeigniter4-framework-2849e7f\vendor\codeigniter4\settings\src\Handlers\DatabaseHandler.php(186): CodeIgniter\Database\BaseBuilder->get()
#5 C:\Users\Home\Desktop\codeigniter4-framework-v4.5.5-0-g2849e7f\codeigniter4-framework-2849e7f\vendor\codeigniter4\settings\src\Handlers\DatabaseHandler.php(51): CodeIgniter\Settings\Handlers\DatabaseHandler->hydrate(NULL)
#6 C:\Users\Home\Desktop\codeigniter4-framework-v4.5.5-0-g2849e7f\codeigniter4-framework-2849e7f\vendor\codeigniter4\settings\src\Settings.php(59): CodeIgniter\Settings\Handlers\DatabaseHandler->has('Config\\Auth', 'sessionConfig', NULL)
#7 C:\Users\Home\Desktop\codeigniter4-framework-v4.5.5-0-g2849e7f\codeigniter4-framework-2849e7f\vendor\codeigniter4\settings\src\Helpers\setting_helper.php(25): CodeIgniter\Settings\Settings->get('Auth.sessionCon...')
#8 C:\Users\Home\Desktop\codeigniter4-framework-v4.5.5-0-g2849e7f\codeigniter4-framework-2849e7f\vendor\codeigniter4\shield\src\Authentication\Authenticators\Session.php(685): setting('Auth.sessionCon...')
#9 C:\Users\Home\Desktop\codeigniter4-framework-v4.5.5-0-g2849e7f\codeigniter4-framework-2849e7f\vendor\codeigniter4\shield\src\Authentication\Authenticators\Session.php(703): CodeIgniter\Shield\Authentication\Authenticators\Session->getSessionUserInfo()
#10 C:\Users\Home\Desktop\codeigniter4-framework-v4.5.5-0-g2849e7f\codeigniter4-framework-2849e7f\vendor\codeigniter4\shield\src\Authentication\Authenticators\Session.php(390): CodeIgniter\Shield\Authentication\Authenticators\Session->getSessionUserKey('id')
#11 C:\Users\Home\Desktop\codeigniter4-framework-v4.5.5-0-g2849e7f\codeigniter4-framework-2849e7f\vendor\codeigniter4\shield\src\Authentication\Authenticators\Session.php(374): CodeIgniter\Shield\Authentication\Authenticators\Session->checkUserState()
#12 C:\Users\Home\Desktop\codeigniter4-framework-v4.5.5-0-g2849e7f\codeigniter4-framework-2849e7f\vendor\codeigniter4\shield\src\Filters\SessionAuth.php(54): CodeIgniter\Shield\Authentication\Authenticators\Session->loggedIn()
#13 C:\Users\Home\Desktop\codeigniter4-framework-v4.5.5-0-g2849e7f\codeigniter4-framework-2849e7f\system\Filters\Filters.php(205): CodeIgniter\Shield\Filters\SessionAuth->before(Object(CodeIgniter\HTTP\IncomingRequest), NULL)
#14 C:\Users\Home\Desktop\codeigniter4-framework-v4.5.5-0-g2849e7f\codeigniter4-framework-2849e7f\system\Filters\Filters.php(184): CodeIgniter\Filters\Filters->runBefore(Array)
#15 C:\Users\Home\Desktop\codeigniter4-framework-v4.5.5-0-g2849e7f\codeigniter4-framework-2849e7f\system\CodeIgniter.php(481): CodeIgniter\Filters\Filters->run('students/manage', 'before')
#16 C:\Users\Home\Desktop\codeigniter4-framework-v4.5.5-0-g2849e7f\codeigniter4-framework-2849e7f\system\CodeIgniter.php(355): CodeIgniter\CodeIgniter->handleRequest(NULL, Object(Config\Cache), false)
#17 C:\Users\Home\Desktop\codeigniter4-framework-v4.5.5-0-g2849e7f\codeigniter4-framework-2849e7f\system\Boot.php(325): CodeIgniter\CodeIgniter->run()
#18 C:\Users\Home\Desktop\codeigniter4-framework-v4.5.5-0-g2849e7f\codeigniter4-framework-2849e7f\system\Boot.php(67): CodeIgniter\Boot::runCodeIgniter(Object(CodeIgniter\CodeIgniter))
#19 C:\Users\Home\Desktop\codeigniter4-framework-v4.5.5-0-g2849e7f\codeigniter4-framework-2849e7f\public\index.php(56): CodeIgniter\Boot::bootWeb(Object(Config\Paths))
#20 C:\Users\Home\Desktop\codeigniter4-framework-v4.5.5-0-g2849e7f\codeigniter4-framework-2849e7f\system\rewrite.php(44): require_once('C:\\Users\\Home\\D...')
#21 {main}

Next CodeIgniter\Database\Exceptions\DatabaseException: No connection could be made because the target machine actively refused it in C:\Users\Home\Desktop\codeigniter4-framework-v4.5.5-0-g2849e7f\codeigniter4-framework-2849e7f\system\Database\MySQLi\Connection.php:231
Stack trace:
#0 C:\Users\Home\Desktop\codeigniter4-framework-v4.5.5-0-g2849e7f\codeigniter4-framework-2849e7f\system\Database\BaseConnection.php(421): CodeIgniter\Database\MySQLi\Connection->connect(false)
#1 C:\Users\Home\Desktop\codeigniter4-framework-v4.5.5-0-g2849e7f\codeigniter4-framework-2849e7f\system\Database\BaseConnection.php(616): CodeIgniter\Database\BaseConnection->initialize()
#2 C:\Users\Home\Desktop\codeigniter4-framework-v4.5.5-0-g2849e7f\codeigniter4-framework-2849e7f\system\Database\BaseBuilder.php(1644): CodeIgniter\Database\BaseConnection->query('SELECT *\nFROM `...', Array, false)
#3 C:\Users\Home\Desktop\codeigniter4-framework-v4.5.5-0-g2849e7f\codeigniter4-framework-2849e7f\vendor\codeigniter4\settings\src\Handlers\DatabaseHandler.php(186): CodeIgniter\Database\BaseBuilder->get()
#4 C:\Users\Home\Desktop\codeigniter4-framework-v4.5.5-0-g2849e7f\codeigniter4-framework-2849e7f\vendor\codeigniter4\settings\src\Handlers\DatabaseHandler.php(51): CodeIgniter\Settings\Handlers\DatabaseHandler->hydrate(NULL)
#5 C:\Users\Home\Desktop\codeigniter4-framework-v4.5.5-0-g2849e7f\codeigniter4-framework-2849e7f\vendor\codeigniter4\settings\src\Settings.php(59): CodeIgniter\Settings\Handlers\DatabaseHandler->has('Config\\Auth', 'sessionConfig', NULL)
#6 C:\Users\Home\Desktop\codeigniter4-framework-v4.5.5-0-g2849e7f\codeigniter4-framework-2849e7f\vendor\codeigniter4\settings\src\Helpers\setting_helper.php(25): CodeIgniter\Settings\Settings->get('Auth.sessionCon...')
#7 C:\Users\Home\Desktop\codeigniter4-framework-v4.5.5-0-g2849e7f\codeigniter4-framework-2849e7f\vendor\codeigniter4\shield\src\Authentication\Authenticators\Session.php(685): setting('Auth.sessionCon...')
#8 C:\Users\Home\Desktop\codeigniter4-framework-v4.5.5-0-g2849e7f\codeigniter4-framework-2849e7f\vendor\codeigniter4\shield\src\Authentication\Authenticators\Session.php(703): CodeIgniter\Shield\Authentication\Authenticators\Session->getSessionUserInfo()
#9 C:\Users\Home\Desktop\codeigniter4-framework-v4.5.5-0-g2849e7f\codeigniter4-framework-2849e7f\vendor\codeigniter4\shield\src\Authentication\Authenticators\Session.php(390): CodeIgniter\Shield\Authentication\Authenticators\Session->getSessionUserKey('id')
#10 C:\Users\Home\Desktop\codeigniter4-framework-v4.5.5-0-g2849e7f\codeigniter4-framework-2849e7f\vendor\codeigniter4\shield\src\Authentication\Authenticators\Session.php(374): CodeIgniter\Shield\Authentication\Authenticators\Session->checkUserState()
#11 C:\Users\Home\Desktop\codeigniter4-framework-v4.5.5-0-g2849e7f\codeigniter4-framework-2849e7f\vendor\codeigniter4\shield\src\Filters\SessionAuth.php(54): CodeIgniter\Shield\Authentication\Authenticators\Session->loggedIn()
#12 C:\Users\Home\Desktop\codeigniter4-framework-v4.5.5-0-g2849e7f\codeigniter4-framework-2849e7f\system\Filters\Filters.php(205): CodeIgniter\Shield\Filters\SessionAuth->before(Object(CodeIgniter\HTTP\IncomingRequest), NULL)
#13 C:\Users\Home\Desktop\codeigniter4-framework-v4.5.5-0-g2849e7f\codeigniter4-framework-2849e7f\system\Filters\Filters.php(184): CodeIgniter\Filters\Filters->runBefore(Array)
#14 C:\Users\Home\Desktop\codeigniter4-framework-v4.5.5-0-g2849e7f\codeigniter4-framework-2849e7f\system\CodeIgniter.php(481): CodeIgniter\Filters\Filters->run('students/manage', 'before')
#15 C:\Users\Home\Desktop\codeigniter4-framework-v4.5.5-0-g2849e7f\codeigniter4-framework-2849e7f\system\CodeIgniter.php(355): CodeIgniter\CodeIgniter->handleRequest(NULL, Object(Config\Cache), false)
#16 C:\Users\Home\Desktop\codeigniter4-framework-v4.5.5-0-g2849e7f\codeigniter4-framework-2849e7f\system\Boot.php(325): CodeIgniter\CodeIgniter->run()
#17 C:\Users\Home\Desktop\codeigniter4-framework-v4.5.5-0-g2849e7f\codeigniter4-framework-2849e7f\system\Boot.php(67): CodeIgniter\Boot::runCodeIgniter(Object(CodeIgniter\CodeIgniter))
#18 C:\Users\Home\Desktop\codeigniter4-framework-v4.5.5-0-g2849e7f\codeigniter4-framework-2849e7f\public\index.php(56): CodeIgniter\Boot::bootWeb(Object(Config\Paths))
#19 C:\Users\Home\Desktop\codeigniter4-framework-v4.5.5-0-g2849e7f\codeigniter4-framework-2849e7f\system\rewrite.php(44): require_once('C:\\Users\\Home\\D...')
#20 {main}
CRITICAL - 2024-11-13 11:20:33 --> CodeIgniter\Database\Exceptions\DatabaseException: Unable to connect to the database.
Main connection [MySQLi]: No connection could be made because the target machine actively refused it
[Method: GET, Route: students/manage]
in SYSTEMPATH\Database\BaseConnection.php on line 467.
 1 SYSTEMPATH\Database\BaseConnection.php(616): CodeIgniter\Database\BaseConnection->initialize()
 2 SYSTEMPATH\Database\BaseBuilder.php(1644): CodeIgniter\Database\BaseConnection->query('SELECT *
FROM `settings`
WHERE `context` IS NULL', [], false)
 3 VENDORPATH\codeigniter4\settings\src\Handlers\DatabaseHandler.php(186): CodeIgniter\Database\BaseBuilder->get()
 4 VENDORPATH\codeigniter4\settings\src\Handlers\DatabaseHandler.php(51): CodeIgniter\Settings\Handlers\DatabaseHandler->hydrate(null)
 5 VENDORPATH\codeigniter4\settings\src\Settings.php(59): CodeIgniter\Settings\Handlers\DatabaseHandler->has('Config\\Auth', 'sessionConfig', null)
 6 VENDORPATH\codeigniter4\settings\src\Helpers\setting_helper.php(25): CodeIgniter\Settings\Settings->get('Auth.sessionConfig')
 7 VENDORPATH\codeigniter4\shield\src\Authentication\Authenticators\Session.php(685): setting('Auth.sessionConfig')
 8 VENDORPATH\codeigniter4\shield\src\Authentication\Authenticators\Session.php(703): CodeIgniter\Shield\Authentication\Authenticators\Session->getSessionUserInfo()
 9 VENDORPATH\codeigniter4\shield\src\Authentication\Authenticators\Session.php(390): CodeIgniter\Shield\Authentication\Authenticators\Session->getSessionUserKey('id')
10 VENDORPATH\codeigniter4\shield\src\Authentication\Authenticators\Session.php(374): CodeIgniter\Shield\Authentication\Authenticators\Session->checkUserState()
11 VENDORPATH\codeigniter4\shield\src\Filters\SessionAuth.php(54): CodeIgniter\Shield\Authentication\Authenticators\Session->loggedIn()
12 SYSTEMPATH\Filters\Filters.php(205): CodeIgniter\Shield\Filters\SessionAuth->before(Object(CodeIgniter\HTTP\IncomingRequest), null)
13 SYSTEMPATH\Filters\Filters.php(184): CodeIgniter\Filters\Filters->runBefore([...])
14 SYSTEMPATH\CodeIgniter.php(481): CodeIgniter\Filters\Filters->run('students/manage', 'before')
15 SYSTEMPATH\CodeIgniter.php(355): CodeIgniter\CodeIgniter->handleRequest(null, Object(Config\Cache), false)
16 SYSTEMPATH\Boot.php(325): CodeIgniter\CodeIgniter->run()
17 SYSTEMPATH\Boot.php(67): CodeIgniter\Boot::runCodeIgniter(Object(CodeIgniter\CodeIgniter))
18 FCPATH\index.php(56): CodeIgniter\Boot::bootWeb(Object(Config\Paths))
19 SYSTEMPATH\rewrite.php(44): require_once('C:\\Users\\Home\\Desktop\\codeigniter4-framework-v4.5.5-0-g2849e7f\\codeigniter4-framework-2849e7f\\public\\index.php')
CRITICAL - 2024-11-13 12:24:16 --> ErrorException: Undefined array key "name"
[Method: GET, Route: student/create]
in APPPATH\Views\add_student.php on line 59.
 1 APPPATH\Views\add_student.php(59): CodeIgniter\Debug\Exceptions->errorHandler(2, 'Undefined array key "name"', 'C:\\Users\\Home\\Desktop\\codeigniter4-framework-v4.5.5-0-g2849e7f\\codeigniter4-framework-2849e7f\\app\\Views\\add_student.php', 59)
 2 SYSTEMPATH\View\View.php(234): include('C:\\Users\\Home\\Desktop\\codeigniter4-framework-v4.5.5-0-g2849e7f\\codeigniter4-framework-2849e7f\\app\\Views\\add_student.php')
 3 SYSTEMPATH\View\View.php(237): CodeIgniter\View\View->CodeIgniter\View\{closure}()
 4 SYSTEMPATH\Common.php(1171): CodeIgniter\View\View->render('add_student', [], true)
 5 APPPATH\Controllers\StudentController.php(18): view('add_student', [...])
 6 SYSTEMPATH\CodeIgniter.php(933): App\Controllers\StudentController->create()
 7 SYSTEMPATH\CodeIgniter.php(509): CodeIgniter\CodeIgniter->runController(Object(App\Controllers\StudentController))
 8 SYSTEMPATH\CodeIgniter.php(355): CodeIgniter\CodeIgniter->handleRequest(null, Object(Config\Cache), false)
 9 SYSTEMPATH\Boot.php(325): CodeIgniter\CodeIgniter->run()
10 SYSTEMPATH\Boot.php(67): CodeIgniter\Boot::runCodeIgniter(Object(CodeIgniter\CodeIgniter))
11 FCPATH\index.php(56): CodeIgniter\Boot::bootWeb(Object(Config\Paths))
12 SYSTEMPATH\rewrite.php(44): require_once('C:\\Users\\Home\\Desktop\\codeigniter4-framework-v4.5.5-0-g2849e7f\\codeigniter4-framework-2849e7f\\public\\index.php')
CRITICAL - 2024-11-13 12:26:10 --> Error: Class "App\Models\EnrollmentModel" not found
[Method: POST, Route: student/store]
in APPPATH\Controllers\StudentController.php on line 116.
 1 SYSTEMPATH\CodeIgniter.php(933): App\Controllers\StudentController->store()
 2 SYSTEMPATH\CodeIgniter.php(509): CodeIgniter\CodeIgniter->runController(Object(App\Controllers\StudentController))
 3 SYSTEMPATH\CodeIgniter.php(355): CodeIgniter\CodeIgniter->handleRequest(null, Object(Config\Cache), false)
 4 SYSTEMPATH\Boot.php(325): CodeIgniter\CodeIgniter->run()
 5 SYSTEMPATH\Boot.php(67): CodeIgniter\Boot::runCodeIgniter(Object(CodeIgniter\CodeIgniter))
 6 FCPATH\index.php(56): CodeIgniter\Boot::bootWeb(Object(Config\Paths))
 7 SYSTEMPATH\rewrite.php(44): require_once('C:\\Users\\Home\\Desktop\\codeigniter4-framework-v4.5.5-0-g2849e7f\\codeigniter4-framework-2849e7f\\public\\index.php')
CRITICAL - 2024-11-13 12:27:37 --> Error: Class "App\Models\EnrollmentModel" not found
[Method: POST, Route: student/store]
in APPPATH\Controllers\StudentController.php on line 116.
 1 SYSTEMPATH\CodeIgniter.php(933): App\Controllers\StudentController->store()
 2 SYSTEMPATH\CodeIgniter.php(509): CodeIgniter\CodeIgniter->runController(Object(App\Controllers\StudentController))
 3 SYSTEMPATH\CodeIgniter.php(355): CodeIgniter\CodeIgniter->handleRequest(null, Object(Config\Cache), false)
 4 SYSTEMPATH\Boot.php(325): CodeIgniter\CodeIgniter->run()
 5 SYSTEMPATH\Boot.php(67): CodeIgniter\Boot::runCodeIgniter(Object(CodeIgniter\CodeIgniter))
 6 FCPATH\index.php(56): CodeIgniter\Boot::bootWeb(Object(Config\Paths))
 7 SYSTEMPATH\rewrite.php(44): require_once('C:\\Users\\Home\\Desktop\\codeigniter4-framework-v4.5.5-0-g2849e7f\\codeigniter4-framework-2849e7f\\public\\index.php')
CRITICAL - 2024-11-13 12:29:12 --> Error: Class "App\Models\EnrollmentModel" not found
[Method: POST, Route: student/store]
in APPPATH\Controllers\StudentController.php on line 116.
 1 SYSTEMPATH\CodeIgniter.php(933): App\Controllers\StudentController->store()
 2 SYSTEMPATH\CodeIgniter.php(509): CodeIgniter\CodeIgniter->runController(Object(App\Controllers\StudentController))
 3 SYSTEMPATH\CodeIgniter.php(355): CodeIgniter\CodeIgniter->handleRequest(null, Object(Config\Cache), false)
 4 SYSTEMPATH\Boot.php(325): CodeIgniter\CodeIgniter->run()
 5 SYSTEMPATH\Boot.php(67): CodeIgniter\Boot::runCodeIgniter(Object(CodeIgniter\CodeIgniter))
 6 FCPATH\index.php(56): CodeIgniter\Boot::bootWeb(Object(Config\Paths))
 7 SYSTEMPATH\rewrite.php(44): require_once('C:\\Users\\Home\\Desktop\\codeigniter4-framework-v4.5.5-0-g2849e7f\\codeigniter4-framework-2849e7f\\public\\index.php')
CRITICAL - 2024-11-13 14:34:09 --> ErrorException: Undefined array key "name"
[Method: GET, Route: student/renew]
in APPPATH\Controllers\StudentController.php on line 154.
 1 APPPATH\Controllers\StudentController.php(154): CodeIgniter\Debug\Exceptions->errorHandler(2, 'Undefined array key "name"', 'C:\\Users\\Home\\Desktop\\codeigniter4-framework-v4.5.5-0-g2849e7f\\codeigniter4-framework-2849e7f\\app\\Controllers\\StudentController.php', 154)
 2 SYSTEMPATH\CodeIgniter.php(933): App\Controllers\StudentController->renew()
 3 SYSTEMPATH\CodeIgniter.php(509): CodeIgniter\CodeIgniter->runController(Object(App\Controllers\StudentController))
 4 SYSTEMPATH\CodeIgniter.php(355): CodeIgniter\CodeIgniter->handleRequest(null, Object(Config\Cache), false)
 5 SYSTEMPATH\Boot.php(325): CodeIgniter\CodeIgniter->run()
 6 SYSTEMPATH\Boot.php(67): CodeIgniter\Boot::runCodeIgniter(Object(CodeIgniter\CodeIgniter))
 7 FCPATH\index.php(56): CodeIgniter\Boot::bootWeb(Object(Config\Paths))
 8 SYSTEMPATH\rewrite.php(44): require_once('C:\\Users\\Home\\Desktop\\codeigniter4-framework-v4.5.5-0-g2849e7f\\codeigniter4-framework-2849e7f\\public\\index.php')
CRITICAL - 2024-11-13 14:55:41 --> CodeIgniter\View\Exceptions\ViewException: Invalid file: "add_enrollment.php"
[Method: GET, Route: enrollment/add/26]
in SYSTEMPATH\Exceptions\FrameworkException.php on line 41.
 1 SYSTEMPATH\View\View.php(222): CodeIgniter\Exceptions\FrameworkException::forInvalidFile('add_enrollment.php')
 2 SYSTEMPATH\Common.php(1171): CodeIgniter\View\View->render('add_enrollment', [], true)
 3 APPPATH\Controllers\EnrollmentController.php(43): view('add_enrollment', [...])
 4 SYSTEMPATH\CodeIgniter.php(933): App\Controllers\EnrollmentController->addEnrollment('26')
 5 SYSTEMPATH\CodeIgniter.php(509): CodeIgniter\CodeIgniter->runController(Object(App\Controllers\EnrollmentController))
 6 SYSTEMPATH\CodeIgniter.php(355): CodeIgniter\CodeIgniter->handleRequest(null, Object(Config\Cache), false)
 7 SYSTEMPATH\Boot.php(325): CodeIgniter\CodeIgniter->run()
 8 SYSTEMPATH\Boot.php(67): CodeIgniter\Boot::runCodeIgniter(Object(CodeIgniter\CodeIgniter))
 9 FCPATH\index.php(56): CodeIgniter\Boot::bootWeb(Object(Config\Paths))
10 SYSTEMPATH\rewrite.php(44): require_once('C:\\Users\\Home\\Desktop\\codeigniter4-framework-v4.5.5-0-g2849e7f\\codeigniter4-framework-2849e7f\\public\\index.php')
CRITICAL - 2024-11-13 15:05:23 --> ErrorException: Undefined array key "name"
[Method: GET, Route: enrollment/add/26]
in APPPATH\Views\add_enrollment.php on line 69.
 1 APPPATH\Views\add_enrollment.php(69): CodeIgniter\Debug\Exceptions->errorHandler(2, 'Undefined array key "name"', 'C:\\Users\\Home\\Desktop\\codeigniter4-framework-v4.5.5-0-g2849e7f\\codeigniter4-framework-2849e7f\\app\\Views\\add_enrollment.php', 69)
 2 SYSTEMPATH\View\View.php(234): include('C:\\Users\\Home\\Desktop\\codeigniter4-framework-v4.5.5-0-g2849e7f\\codeigniter4-framework-2849e7f\\app\\Views\\add_enrollment.php')
 3 SYSTEMPATH\View\View.php(237): CodeIgniter\View\View->CodeIgniter\View\{closure}()
 4 SYSTEMPATH\Common.php(1171): CodeIgniter\View\View->render('add_enrollment', [], true)
 5 APPPATH\Controllers\EnrollmentController.php(43): view('add_enrollment', [...])
 6 SYSTEMPATH\CodeIgniter.php(933): App\Controllers\EnrollmentController->addEnrollment('26')
 7 SYSTEMPATH\CodeIgniter.php(509): CodeIgniter\CodeIgniter->runController(Object(App\Controllers\EnrollmentController))
 8 SYSTEMPATH\CodeIgniter.php(355): CodeIgniter\CodeIgniter->handleRequest(null, Object(Config\Cache), false)
 9 SYSTEMPATH\Boot.php(325): CodeIgniter\CodeIgniter->run()
10 SYSTEMPATH\Boot.php(67): CodeIgniter\Boot::runCodeIgniter(Object(CodeIgniter\CodeIgniter))
11 FCPATH\index.php(56): CodeIgniter\Boot::bootWeb(Object(Config\Paths))
12 SYSTEMPATH\rewrite.php(44): require_once('C:\\Users\\Home\\Desktop\\codeigniter4-framework-v4.5.5-0-g2849e7f\\codeigniter4-framework-2849e7f\\public\\index.php')
CRITICAL - 2024-11-13 15:05:35 --> ErrorException: Undefined array key "name"
[Method: GET, Route: enrollment/add/26]
in APPPATH\Views\add_enrollment.php on line 69.
 1 APPPATH\Views\add_enrollment.php(69): CodeIgniter\Debug\Exceptions->errorHandler(2, 'Undefined array key "name"', 'C:\\Users\\Home\\Desktop\\codeigniter4-framework-v4.5.5-0-g2849e7f\\codeigniter4-framework-2849e7f\\app\\Views\\add_enrollment.php', 69)
 2 SYSTEMPATH\View\View.php(234): include('C:\\Users\\Home\\Desktop\\codeigniter4-framework-v4.5.5-0-g2849e7f\\codeigniter4-framework-2849e7f\\app\\Views\\add_enrollment.php')
 3 SYSTEMPATH\View\View.php(237): CodeIgniter\View\View->CodeIgniter\View\{closure}()
 4 SYSTEMPATH\Common.php(1171): CodeIgniter\View\View->render('add_enrollment', [], true)
 5 APPPATH\Controllers\EnrollmentController.php(43): view('add_enrollment', [...])
 6 SYSTEMPATH\CodeIgniter.php(933): App\Controllers\EnrollmentController->addEnrollment('26')
 7 SYSTEMPATH\CodeIgniter.php(509): CodeIgniter\CodeIgniter->runController(Object(App\Controllers\EnrollmentController))
 8 SYSTEMPATH\CodeIgniter.php(355): CodeIgniter\CodeIgniter->handleRequest(null, Object(Config\Cache), false)
 9 SYSTEMPATH\Boot.php(325): CodeIgniter\CodeIgniter->run()
10 SYSTEMPATH\Boot.php(67): CodeIgniter\Boot::runCodeIgniter(Object(CodeIgniter\CodeIgniter))
11 FCPATH\index.php(56): CodeIgniter\Boot::bootWeb(Object(Config\Paths))
12 SYSTEMPATH\rewrite.php(44): require_once('C:\\Users\\Home\\Desktop\\codeigniter4-framework-v4.5.5-0-g2849e7f\\codeigniter4-framework-2849e7f\\public\\index.php')
ERROR - 2024-11-13 15:07:32 --> mysqli_sql_exception: Column 'student_id' cannot be null in C:\Users\Home\Desktop\codeigniter4-framework-v4.5.5-0-g2849e7f\codeigniter4-framework-2849e7f\system\Database\MySQLi\Connection.php:312
Stack trace:
#0 C:\Users\Home\Desktop\codeigniter4-framework-v4.5.5-0-g2849e7f\codeigniter4-framework-2849e7f\system\Database\MySQLi\Connection.php(312): mysqli->query('INSERT INTO `en...', 0)
#1 C:\Users\Home\Desktop\codeigniter4-framework-v4.5.5-0-g2849e7f\codeigniter4-framework-2849e7f\system\Database\BaseConnection.php(734): CodeIgniter\Database\MySQLi\Connection->execute('INSERT INTO `en...')
#2 C:\Users\Home\Desktop\codeigniter4-framework-v4.5.5-0-g2849e7f\codeigniter4-framework-2849e7f\system\Database\BaseConnection.php(648): CodeIgniter\Database\BaseConnection->simpleQuery('INSERT INTO `en...')
#3 C:\Users\Home\Desktop\codeigniter4-framework-v4.5.5-0-g2849e7f\codeigniter4-framework-2849e7f\system\Database\BaseBuilder.php(2340): CodeIgniter\Database\BaseConnection->query('INSERT INTO `en...', Array, false)
#4 C:\Users\Home\Desktop\codeigniter4-framework-v4.5.5-0-g2849e7f\codeigniter4-framework-2849e7f\system\Model.php(394): CodeIgniter\Database\BaseBuilder->insert()
#5 C:\Users\Home\Desktop\codeigniter4-framework-v4.5.5-0-g2849e7f\codeigniter4-framework-2849e7f\system\BaseModel.php(840): CodeIgniter\Model->doInsert(Array)
#6 C:\Users\Home\Desktop\codeigniter4-framework-v4.5.5-0-g2849e7f\codeigniter4-framework-2849e7f\system\Model.php(802): CodeIgniter\BaseModel->insert(Array, true)
#7 C:\Users\Home\Desktop\codeigniter4-framework-v4.5.5-0-g2849e7f\codeigniter4-framework-2849e7f\app\Controllers\EnrollmentController.php(67): CodeIgniter\Model->insert(Array)
#8 C:\Users\Home\Desktop\codeigniter4-framework-v4.5.5-0-g2849e7f\codeigniter4-framework-2849e7f\system\CodeIgniter.php(933): App\Controllers\EnrollmentController->storeEnrollment()
#9 C:\Users\Home\Desktop\codeigniter4-framework-v4.5.5-0-g2849e7f\codeigniter4-framework-2849e7f\system\CodeIgniter.php(509): CodeIgniter\CodeIgniter->runController(Object(App\Controllers\EnrollmentController))
#10 C:\Users\Home\Desktop\codeigniter4-framework-v4.5.5-0-g2849e7f\codeigniter4-framework-2849e7f\system\CodeIgniter.php(355): CodeIgniter\CodeIgniter->handleRequest(NULL, Object(Config\Cache), false)
#11 C:\Users\Home\Desktop\codeigniter4-framework-v4.5.5-0-g2849e7f\codeigniter4-framework-2849e7f\system\Boot.php(325): CodeIgniter\CodeIgniter->run()
#12 C:\Users\Home\Desktop\codeigniter4-framework-v4.5.5-0-g2849e7f\codeigniter4-framework-2849e7f\system\Boot.php(67): CodeIgniter\Boot::runCodeIgniter(Object(CodeIgniter\CodeIgniter))
#13 C:\Users\Home\Desktop\codeigniter4-framework-v4.5.5-0-g2849e7f\codeigniter4-framework-2849e7f\public\index.php(56): CodeIgniter\Boot::bootWeb(Object(Config\Paths))
#14 C:\Users\Home\Desktop\codeigniter4-framework-v4.5.5-0-g2849e7f\codeigniter4-framework-2849e7f\system\rewrite.php(44): require_once('C:\\Users\\Home\\D...')
#15 {main}
CRITICAL - 2024-11-13 15:07:32 --> CodeIgniter\Database\Exceptions\DatabaseException: Column 'student_id' cannot be null
[Method: POST, Route: enrollment/storeEnrollment]
in SYSTEMPATH\Database\BaseConnection.php on line 688.
 1 SYSTEMPATH\Database\BaseBuilder.php(2340): CodeIgniter\Database\BaseConnection->query('INSERT INTO `enrollments` (`student_id`, `course_id`, `duration`, `amount_paid`, `expiry_date`) VALUES (:student_id:, :course_id:, :duration:, :amount_paid:, :expiry_date:)', [...], false)
 2 SYSTEMPATH\Model.php(394): CodeIgniter\Database\BaseBuilder->insert()
 3 SYSTEMPATH\BaseModel.php(840): CodeIgniter\Model->doInsert([...])
 4 SYSTEMPATH\Model.php(802): CodeIgniter\BaseModel->insert([...], true)
 5 APPPATH\Controllers\EnrollmentController.php(67): CodeIgniter\Model->insert([...])
 6 SYSTEMPATH\CodeIgniter.php(933): App\Controllers\EnrollmentController->storeEnrollment()
 7 SYSTEMPATH\CodeIgniter.php(509): CodeIgniter\CodeIgniter->runController(Object(App\Controllers\EnrollmentController))
 8 SYSTEMPATH\CodeIgniter.php(355): CodeIgniter\CodeIgniter->handleRequest(null, Object(Config\Cache), false)
 9 SYSTEMPATH\Boot.php(325): CodeIgniter\CodeIgniter->run()
10 SYSTEMPATH\Boot.php(67): CodeIgniter\Boot::runCodeIgniter(Object(CodeIgniter\CodeIgniter))
11 FCPATH\index.php(56): CodeIgniter\Boot::bootWeb(Object(Config\Paths))
12 SYSTEMPATH\rewrite.php(44): require_once('C:\\Users\\Home\\Desktop\\codeigniter4-framework-v4.5.5-0-g2849e7f\\codeigniter4-framework-2849e7f\\public\\index.php')
CRITICAL - 2024-11-13 15:07:32 --> [Caused by] CodeIgniter\Database\Exceptions\DatabaseException: Column 'student_id' cannot be null
in SYSTEMPATH\Database\MySQLi\Connection.php on line 317.
 1 SYSTEMPATH\Database\BaseConnection.php(734): CodeIgniter\Database\MySQLi\Connection->execute('INSERT INTO `enrollments` (`student_id`, `course_id`, `duration`, `amount_paid`, `expiry_date`) VALUES (NULL, \'3\', \'4\', 2240, \'2025-03-13\')')
 2 SYSTEMPATH\Database\BaseConnection.php(648): CodeIgniter\Database\BaseConnection->simpleQuery('INSERT INTO `enrollments` (`student_id`, `course_id`, `duration`, `amount_paid`, `expiry_date`) VALUES (NULL, \'3\', \'4\', 2240, \'2025-03-13\')')
 3 SYSTEMPATH\Database\BaseBuilder.php(2340): CodeIgniter\Database\BaseConnection->query('INSERT INTO `enrollments` (`student_id`, `course_id`, `duration`, `amount_paid`, `expiry_date`) VALUES (:student_id:, :course_id:, :duration:, :amount_paid:, :expiry_date:)', [...], false)
 4 SYSTEMPATH\Model.php(394): CodeIgniter\Database\BaseBuilder->insert()
 5 SYSTEMPATH\BaseModel.php(840): CodeIgniter\Model->doInsert([...])
 6 SYSTEMPATH\Model.php(802): CodeIgniter\BaseModel->insert([...], true)
 7 APPPATH\Controllers\EnrollmentController.php(67): CodeIgniter\Model->insert([...])
 8 SYSTEMPATH\CodeIgniter.php(933): App\Controllers\EnrollmentController->storeEnrollment()
 9 SYSTEMPATH\CodeIgniter.php(509): CodeIgniter\CodeIgniter->runController(Object(App\Controllers\EnrollmentController))
10 SYSTEMPATH\CodeIgniter.php(355): CodeIgniter\CodeIgniter->handleRequest(null, Object(Config\Cache), false)
11 SYSTEMPATH\Boot.php(325): CodeIgniter\CodeIgniter->run()
12 SYSTEMPATH\Boot.php(67): CodeIgniter\Boot::runCodeIgniter(Object(CodeIgniter\CodeIgniter))
13 FCPATH\index.php(56): CodeIgniter\Boot::bootWeb(Object(Config\Paths))
14 SYSTEMPATH\rewrite.php(44): require_once('C:\\Users\\Home\\Desktop\\codeigniter4-framework-v4.5.5-0-g2849e7f\\codeigniter4-framework-2849e7f\\public\\index.php')
CRITICAL - 2024-11-13 15:07:32 --> [Caused by] mysqli_sql_exception: Column 'student_id' cannot be null
in SYSTEMPATH\Database\MySQLi\Connection.php on line 312.
 1 SYSTEMPATH\Database\MySQLi\Connection.php(312): mysqli->query('INSERT INTO `enrollments` (`student_id`, `course_id`, `duration`, `amount_paid`, `expiry_date`) VALUES (NULL, \'3\', \'4\', 2240, \'2025-03-13\')', 0)
 2 SYSTEMPATH\Database\BaseConnection.php(734): CodeIgniter\Database\MySQLi\Connection->execute('INSERT INTO `enrollments` (`student_id`, `course_id`, `duration`, `amount_paid`, `expiry_date`) VALUES (NULL, \'3\', \'4\', 2240, \'2025-03-13\')')
 3 SYSTEMPATH\Database\BaseConnection.php(648): CodeIgniter\Database\BaseConnection->simpleQuery('INSERT INTO `enrollments` (`student_id`, `course_id`, `duration`, `amount_paid`, `expiry_date`) VALUES (NULL, \'3\', \'4\', 2240, \'2025-03-13\')')
 4 SYSTEMPATH\Database\BaseBuilder.php(2340): CodeIgniter\Database\BaseConnection->query('INSERT INTO `enrollments` (`student_id`, `course_id`, `duration`, `amount_paid`, `expiry_date`) VALUES (:student_id:, :course_id:, :duration:, :amount_paid:, :expiry_date:)', [...], false)
 5 SYSTEMPATH\Model.php(394): CodeIgniter\Database\BaseBuilder->insert()
 6 SYSTEMPATH\BaseModel.php(840): CodeIgniter\Model->doInsert([...])
 7 SYSTEMPATH\Model.php(802): CodeIgniter\BaseModel->insert([...], true)
 8 APPPATH\Controllers\EnrollmentController.php(67): CodeIgniter\Model->insert([...])
 9 SYSTEMPATH\CodeIgniter.php(933): App\Controllers\EnrollmentController->storeEnrollment()
10 SYSTEMPATH\CodeIgniter.php(509): CodeIgniter\CodeIgniter->runController(Object(App\Controllers\EnrollmentController))
11 SYSTEMPATH\CodeIgniter.php(355): CodeIgniter\CodeIgniter->handleRequest(null, Object(Config\Cache), false)
12 SYSTEMPATH\Boot.php(325): CodeIgniter\CodeIgniter->run()
13 SYSTEMPATH\Boot.php(67): CodeIgniter\Boot::runCodeIgniter(Object(CodeIgniter\CodeIgniter))
14 FCPATH\index.php(56): CodeIgniter\Boot::bootWeb(Object(Config\Paths))
15 SYSTEMPATH\rewrite.php(44): require_once('C:\\Users\\Home\\Desktop\\codeigniter4-framework-v4.5.5-0-g2849e7f\\codeigniter4-framework-2849e7f\\public\\index.php')
CRITICAL - 2024-11-13 15:11:14 --> ErrorException: Undefined array key "name"
[Method: GET, Route: enrollment/add/26]
in APPPATH\Views\add_enrollment.php on line 73.
 1 APPPATH\Views\add_enrollment.php(73): CodeIgniter\Debug\Exceptions->errorHandler(2, 'Undefined array key "name"', 'C:\\Users\\Home\\Desktop\\codeigniter4-framework-v4.5.5-0-g2849e7f\\codeigniter4-framework-2849e7f\\app\\Views\\add_enrollment.php', 73)
 2 SYSTEMPATH\View\View.php(234): include('C:\\Users\\Home\\Desktop\\codeigniter4-framework-v4.5.5-0-g2849e7f\\codeigniter4-framework-2849e7f\\app\\Views\\add_enrollment.php')
 3 SYSTEMPATH\View\View.php(237): CodeIgniter\View\View->CodeIgniter\View\{closure}()
 4 SYSTEMPATH\Common.php(1171): CodeIgniter\View\View->render('add_enrollment', [], true)
 5 APPPATH\Controllers\EnrollmentController.php(43): view('add_enrollment', [...])
 6 SYSTEMPATH\CodeIgniter.php(933): App\Controllers\EnrollmentController->addEnrollment('26')
 7 SYSTEMPATH\CodeIgniter.php(509): CodeIgniter\CodeIgniter->runController(Object(App\Controllers\EnrollmentController))
 8 SYSTEMPATH\CodeIgniter.php(355): CodeIgniter\CodeIgniter->handleRequest(null, Object(Config\Cache), false)
 9 SYSTEMPATH\Boot.php(325): CodeIgniter\CodeIgniter->run()
10 SYSTEMPATH\Boot.php(67): CodeIgniter\Boot::runCodeIgniter(Object(CodeIgniter\CodeIgniter))
11 FCPATH\index.php(56): CodeIgniter\Boot::bootWeb(Object(Config\Paths))
12 SYSTEMPATH\rewrite.php(44): require_once('C:\\Users\\Home\\Desktop\\codeigniter4-framework-v4.5.5-0-g2849e7f\\codeigniter4-framework-2849e7f\\public\\index.php')
CRITICAL - 2024-11-13 15:11:19 --> ErrorException: Undefined array key "name"
[Method: GET, Route: enrollment/add/27]
in APPPATH\Views\add_enrollment.php on line 73.
 1 APPPATH\Views\add_enrollment.php(73): CodeIgniter\Debug\Exceptions->errorHandler(2, 'Undefined array key "name"', 'C:\\Users\\Home\\Desktop\\codeigniter4-framework-v4.5.5-0-g2849e7f\\codeigniter4-framework-2849e7f\\app\\Views\\add_enrollment.php', 73)
 2 SYSTEMPATH\View\View.php(234): include('C:\\Users\\Home\\Desktop\\codeigniter4-framework-v4.5.5-0-g2849e7f\\codeigniter4-framework-2849e7f\\app\\Views\\add_enrollment.php')
 3 SYSTEMPATH\View\View.php(237): CodeIgniter\View\View->CodeIgniter\View\{closure}()
 4 SYSTEMPATH\Common.php(1171): CodeIgniter\View\View->render('add_enrollment', [], true)
 5 APPPATH\Controllers\EnrollmentController.php(43): view('add_enrollment', [...])
 6 SYSTEMPATH\CodeIgniter.php(933): App\Controllers\EnrollmentController->addEnrollment('27')
 7 SYSTEMPATH\CodeIgniter.php(509): CodeIgniter\CodeIgniter->runController(Object(App\Controllers\EnrollmentController))
 8 SYSTEMPATH\CodeIgniter.php(355): CodeIgniter\CodeIgniter->handleRequest(null, Object(Config\Cache), false)
 9 SYSTEMPATH\Boot.php(325): CodeIgniter\CodeIgniter->run()
10 SYSTEMPATH\Boot.php(67): CodeIgniter\Boot::runCodeIgniter(Object(CodeIgniter\CodeIgniter))
11 FCPATH\index.php(56): CodeIgniter\Boot::bootWeb(Object(Config\Paths))
12 SYSTEMPATH\rewrite.php(44): require_once('C:\\Users\\Home\\Desktop\\codeigniter4-framework-v4.5.5-0-g2849e7f\\codeigniter4-framework-2849e7f\\public\\index.php')
CRITICAL - 2024-11-13 15:45:06 --> ErrorException: Undefined array key "course_name"
[Method: GET, Route: enrollment/renew/27]
in APPPATH\Views\renew_subscriptions.php on line 32.
 1 APPPATH\Views\renew_subscriptions.php(32): CodeIgniter\Debug\Exceptions->errorHandler(2, 'Undefined array key "course_name"', 'C:\\Users\\Home\\Desktop\\codeigniter4-framework-v4.5.5-0-g2849e7f\\codeigniter4-framework-2849e7f\\app\\Views\\renew_subscriptions.php', 32)
 2 SYSTEMPATH\View\View.php(234): include('C:\\Users\\Home\\Desktop\\codeigniter4-framework-v4.5.5-0-g2849e7f\\codeigniter4-framework-2849e7f\\app\\Views\\renew_subscriptions.php')
 3 SYSTEMPATH\View\View.php(237): CodeIgniter\View\View->CodeIgniter\View\{closure}()
 4 SYSTEMPATH\Common.php(1171): CodeIgniter\View\View->render('renew_subscriptions', [], true)
 5 APPPATH\Controllers\EnrollmentController.php(90): view('renew_subscriptions', [...])
 6 SYSTEMPATH\CodeIgniter.php(933): App\Controllers\EnrollmentController->renew('27')
 7 SYSTEMPATH\CodeIgniter.php(509): CodeIgniter\CodeIgniter->runController(Object(App\Controllers\EnrollmentController))
 8 SYSTEMPATH\CodeIgniter.php(355): CodeIgniter\CodeIgniter->handleRequest(null, Object(Config\Cache), false)
 9 SYSTEMPATH\Boot.php(325): CodeIgniter\CodeIgniter->run()
10 SYSTEMPATH\Boot.php(67): CodeIgniter\Boot::runCodeIgniter(Object(CodeIgniter\CodeIgniter))
11 FCPATH\index.php(56): CodeIgniter\Boot::bootWeb(Object(Config\Paths))
12 SYSTEMPATH\rewrite.php(44): require_once('C:\\Users\\Home\\Desktop\\codeigniter4-framework-v4.5.5-0-g2849e7f\\codeigniter4-framework-2849e7f\\public\\index.php')
CRITICAL - 2024-11-13 15:45:55 --> ErrorException: Undefined array key "course_name"
[Method: GET, Route: enrollment/renew/27]
in APPPATH\Views\renew_subscriptions.php on line 32.
 1 APPPATH\Views\renew_subscriptions.php(32): CodeIgniter\Debug\Exceptions->errorHandler(2, 'Undefined array key "course_name"', 'C:\\Users\\Home\\Desktop\\codeigniter4-framework-v4.5.5-0-g2849e7f\\codeigniter4-framework-2849e7f\\app\\Views\\renew_subscriptions.php', 32)
 2 SYSTEMPATH\View\View.php(234): include('C:\\Users\\Home\\Desktop\\codeigniter4-framework-v4.5.5-0-g2849e7f\\codeigniter4-framework-2849e7f\\app\\Views\\renew_subscriptions.php')
 3 SYSTEMPATH\View\View.php(237): CodeIgniter\View\View->CodeIgniter\View\{closure}()
 4 SYSTEMPATH\Common.php(1171): CodeIgniter\View\View->render('renew_subscriptions', [], true)
 5 APPPATH\Controllers\EnrollmentController.php(90): view('renew_subscriptions', [...])
 6 SYSTEMPATH\CodeIgniter.php(933): App\Controllers\EnrollmentController->renew('27')
 7 SYSTEMPATH\CodeIgniter.php(509): CodeIgniter\CodeIgniter->runController(Object(App\Controllers\EnrollmentController))
 8 SYSTEMPATH\CodeIgniter.php(355): CodeIgniter\CodeIgniter->handleRequest(null, Object(Config\Cache), false)
 9 SYSTEMPATH\Boot.php(325): CodeIgniter\CodeIgniter->run()
10 SYSTEMPATH\Boot.php(67): CodeIgniter\Boot::runCodeIgniter(Object(CodeIgniter\CodeIgniter))
11 FCPATH\index.php(56): CodeIgniter\Boot::bootWeb(Object(Config\Paths))
12 SYSTEMPATH\rewrite.php(44): require_once('C:\\Users\\Home\\Desktop\\codeigniter4-framework-v4.5.5-0-g2849e7f\\codeigniter4-framework-2849e7f\\public\\index.php')
CRITICAL - 2024-11-13 15:46:09 --> ErrorException: Undefined array key "course_name"
[Method: GET, Route: enrollment/renew/27]
in APPPATH\Views\renew_subscriptions.php on line 32.
 1 APPPATH\Views\renew_subscriptions.php(32): CodeIgniter\Debug\Exceptions->errorHandler(2, 'Undefined array key "course_name"', 'C:\\Users\\Home\\Desktop\\codeigniter4-framework-v4.5.5-0-g2849e7f\\codeigniter4-framework-2849e7f\\app\\Views\\renew_subscriptions.php', 32)
 2 SYSTEMPATH\View\View.php(234): include('C:\\Users\\Home\\Desktop\\codeigniter4-framework-v4.5.5-0-g2849e7f\\codeigniter4-framework-2849e7f\\app\\Views\\renew_subscriptions.php')
 3 SYSTEMPATH\View\View.php(237): CodeIgniter\View\View->CodeIgniter\View\{closure}()
 4 SYSTEMPATH\Common.php(1171): CodeIgniter\View\View->render('renew_subscriptions', [], true)
 5 APPPATH\Controllers\EnrollmentController.php(90): view('renew_subscriptions', [...])
 6 SYSTEMPATH\CodeIgniter.php(933): App\Controllers\EnrollmentController->renew('27')
 7 SYSTEMPATH\CodeIgniter.php(509): CodeIgniter\CodeIgniter->runController(Object(App\Controllers\EnrollmentController))
 8 SYSTEMPATH\CodeIgniter.php(355): CodeIgniter\CodeIgniter->handleRequest(null, Object(Config\Cache), false)
 9 SYSTEMPATH\Boot.php(325): CodeIgniter\CodeIgniter->run()
10 SYSTEMPATH\Boot.php(67): CodeIgniter\Boot::runCodeIgniter(Object(CodeIgniter\CodeIgniter))
11 FCPATH\index.php(56): CodeIgniter\Boot::bootWeb(Object(Config\Paths))
12 SYSTEMPATH\rewrite.php(44): require_once('C:\\Users\\Home\\Desktop\\codeigniter4-framework-v4.5.5-0-g2849e7f\\codeigniter4-framework-2849e7f\\public\\index.php')
CRITICAL - 2024-11-13 15:46:59 --> ErrorException: Undefined array key "name"
[Method: GET, Route: enrollment/renew/27]
in APPPATH\Views\renew_subscriptions.php on line 32.
 1 APPPATH\Views\renew_subscriptions.php(32): CodeIgniter\Debug\Exceptions->errorHandler(2, 'Undefined array key "name"', 'C:\\Users\\Home\\Desktop\\codeigniter4-framework-v4.5.5-0-g2849e7f\\codeigniter4-framework-2849e7f\\app\\Views\\renew_subscriptions.php', 32)
 2 SYSTEMPATH\View\View.php(234): include('C:\\Users\\Home\\Desktop\\codeigniter4-framework-v4.5.5-0-g2849e7f\\codeigniter4-framework-2849e7f\\app\\Views\\renew_subscriptions.php')
 3 SYSTEMPATH\View\View.php(237): CodeIgniter\View\View->CodeIgniter\View\{closure}()
 4 SYSTEMPATH\Common.php(1171): CodeIgniter\View\View->render('renew_subscriptions', [], true)
 5 APPPATH\Controllers\EnrollmentController.php(90): view('renew_subscriptions', [...])
 6 SYSTEMPATH\CodeIgniter.php(933): App\Controllers\EnrollmentController->renew('27')
 7 SYSTEMPATH\CodeIgniter.php(509): CodeIgniter\CodeIgniter->runController(Object(App\Controllers\EnrollmentController))
 8 SYSTEMPATH\CodeIgniter.php(355): CodeIgniter\CodeIgniter->handleRequest(null, Object(Config\Cache), false)
 9 SYSTEMPATH\Boot.php(325): CodeIgniter\CodeIgniter->run()
10 SYSTEMPATH\Boot.php(67): CodeIgniter\Boot::runCodeIgniter(Object(CodeIgniter\CodeIgniter))
11 FCPATH\index.php(56): CodeIgniter\Boot::bootWeb(Object(Config\Paths))
12 SYSTEMPATH\rewrite.php(44): require_once('C:\\Users\\Home\\Desktop\\codeigniter4-framework-v4.5.5-0-g2849e7f\\codeigniter4-framework-2849e7f\\public\\index.php')
CRITICAL - 2024-11-13 15:55:27 --> CodeIgniter\View\Exceptions\ViewException: Invalid file: "enrollment/renew.php"
[Method: GET, Route: enrollment/renew/27]
in SYSTEMPATH\Exceptions\FrameworkException.php on line 41.
 1 SYSTEMPATH\View\View.php(222): CodeIgniter\Exceptions\FrameworkException::forInvalidFile('enrollment/renew.php')
 2 SYSTEMPATH\Common.php(1171): CodeIgniter\View\View->render('enrollment/renew', [], true)
 3 APPPATH\Controllers\EnrollmentController.php(94): view('enrollment/renew', [...])
 4 SYSTEMPATH\CodeIgniter.php(933): App\Controllers\EnrollmentController->renew('27')
 5 SYSTEMPATH\CodeIgniter.php(509): CodeIgniter\CodeIgniter->runController(Object(App\Controllers\EnrollmentController))
 6 SYSTEMPATH\CodeIgniter.php(355): CodeIgniter\CodeIgniter->handleRequest(null, Object(Config\Cache), false)
 7 SYSTEMPATH\Boot.php(325): CodeIgniter\CodeIgniter->run()
 8 SYSTEMPATH\Boot.php(67): CodeIgniter\Boot::runCodeIgniter(Object(CodeIgniter\CodeIgniter))
 9 FCPATH\index.php(56): CodeIgniter\Boot::bootWeb(Object(Config\Paths))
10 SYSTEMPATH\rewrite.php(44): require_once('C:\\Users\\Home\\Desktop\\codeigniter4-framework-v4.5.5-0-g2849e7f\\codeigniter4-framework-2849e7f\\public\\index.php')
CRITICAL - 2024-11-13 16:04:00 --> TypeError: Cannot access offset of type string on string
[Method: GET, Route: student/renew]
in APPPATH\Views\renew.php on line 67.
 1 SYSTEMPATH\View\View.php(234): include()
 2 SYSTEMPATH\View\View.php(237): CodeIgniter\View\View->CodeIgniter\View\{closure}()
 3 SYSTEMPATH\Common.php(1171): CodeIgniter\View\View->render('renew', [], true)
 4 APPPATH\Controllers\StudentController.php(162): view('renew', [...])
 5 SYSTEMPATH\CodeIgniter.php(933): App\Controllers\StudentController->renew()
 6 SYSTEMPATH\CodeIgniter.php(509): CodeIgniter\CodeIgniter->runController(Object(App\Controllers\StudentController))
 7 SYSTEMPATH\CodeIgniter.php(355): CodeIgniter\CodeIgniter->handleRequest(null, Object(Config\Cache), false)
 8 SYSTEMPATH\Boot.php(325): CodeIgniter\CodeIgniter->run()
 9 SYSTEMPATH\Boot.php(67): CodeIgniter\Boot::runCodeIgniter(Object(CodeIgniter\CodeIgniter))
10 FCPATH\index.php(56): CodeIgniter\Boot::bootWeb(Object(Config\Paths))
11 SYSTEMPATH\rewrite.php(44): require_once('C:\\Users\\Home\\Desktop\\codeigniter4-framework-v4.5.5-0-g2849e7f\\codeigniter4-framework-2849e7f\\public\\index.php')
CRITICAL - 2024-11-13 16:04:27 --> ErrorException: foreach() argument must be of type array|object, string given
[Method: GET, Route: student/renew]
in APPPATH\Views\renew.php on line 66.
 1 APPPATH\Views\renew.php(66): CodeIgniter\Debug\Exceptions->errorHandler(2, 'foreach() argument must be of type array|object, string given', 'C:\\Users\\Home\\Desktop\\codeigniter4-framework-v4.5.5-0-g2849e7f\\codeigniter4-framework-2849e7f\\app\\Views\\renew.php', 66)
 2 SYSTEMPATH\View\View.php(234): include('C:\\Users\\Home\\Desktop\\codeigniter4-framework-v4.5.5-0-g2849e7f\\codeigniter4-framework-2849e7f\\app\\Views\\renew.php')
 3 SYSTEMPATH\View\View.php(237): CodeIgniter\View\View->CodeIgniter\View\{closure}()
 4 SYSTEMPATH\Common.php(1171): CodeIgniter\View\View->render('renew', [], true)
 5 APPPATH\Controllers\StudentController.php(162): view('renew', [...])
 6 SYSTEMPATH\CodeIgniter.php(933): App\Controllers\StudentController->renew()
 7 SYSTEMPATH\CodeIgniter.php(509): CodeIgniter\CodeIgniter->runController(Object(App\Controllers\StudentController))
 8 SYSTEMPATH\CodeIgniter.php(355): CodeIgniter\CodeIgniter->handleRequest(null, Object(Config\Cache), false)
 9 SYSTEMPATH\Boot.php(325): CodeIgniter\CodeIgniter->run()
10 SYSTEMPATH\Boot.php(67): CodeIgniter\Boot::runCodeIgniter(Object(CodeIgniter\CodeIgniter))
11 FCPATH\index.php(56): CodeIgniter\Boot::bootWeb(Object(Config\Paths))
12 SYSTEMPATH\rewrite.php(44): require_once('C:\\Users\\Home\\Desktop\\codeigniter4-framework-v4.5.5-0-g2849e7f\\codeigniter4-framework-2849e7f\\public\\index.php')
CRITICAL - 2024-11-13 16:05:31 --> ErrorException: foreach() argument must be of type array|object, string given
[Method: GET, Route: student/renew]
in APPPATH\Views\renew.php on line 66.
 1 APPPATH\Views\renew.php(66): CodeIgniter\Debug\Exceptions->errorHandler(2, 'foreach() argument must be of type array|object, string given', 'C:\\Users\\Home\\Desktop\\codeigniter4-framework-v4.5.5-0-g2849e7f\\codeigniter4-framework-2849e7f\\app\\Views\\renew.php', 66)
 2 SYSTEMPATH\View\View.php(234): include('C:\\Users\\Home\\Desktop\\codeigniter4-framework-v4.5.5-0-g2849e7f\\codeigniter4-framework-2849e7f\\app\\Views\\renew.php')
 3 SYSTEMPATH\View\View.php(237): CodeIgniter\View\View->CodeIgniter\View\{closure}()
 4 SYSTEMPATH\Common.php(1171): CodeIgniter\View\View->render('renew', [], true)
 5 APPPATH\Controllers\StudentController.php(162): view('renew', [...])
 6 SYSTEMPATH\CodeIgniter.php(933): App\Controllers\StudentController->renew()
 7 SYSTEMPATH\CodeIgniter.php(509): CodeIgniter\CodeIgniter->runController(Object(App\Controllers\StudentController))
 8 SYSTEMPATH\CodeIgniter.php(355): CodeIgniter\CodeIgniter->handleRequest(null, Object(Config\Cache), false)
 9 SYSTEMPATH\Boot.php(325): CodeIgniter\CodeIgniter->run()
10 SYSTEMPATH\Boot.php(67): CodeIgniter\Boot::runCodeIgniter(Object(CodeIgniter\CodeIgniter))
11 FCPATH\index.php(56): CodeIgniter\Boot::bootWeb(Object(Config\Paths))
12 SYSTEMPATH\rewrite.php(44): require_once('C:\\Users\\Home\\Desktop\\codeigniter4-framework-v4.5.5-0-g2849e7f\\codeigniter4-framework-2849e7f\\public\\index.php')
CRITICAL - 2024-11-13 16:06:04 --> ErrorException: foreach() argument must be of type array|object, string given
[Method: GET, Route: student/renew]
in APPPATH\Views\renew.php on line 66.
 1 APPPATH\Views\renew.php(66): CodeIgniter\Debug\Exceptions->errorHandler(2, 'foreach() argument must be of type array|object, string given', 'C:\\Users\\Home\\Desktop\\codeigniter4-framework-v4.5.5-0-g2849e7f\\codeigniter4-framework-2849e7f\\app\\Views\\renew.php', 66)
 2 SYSTEMPATH\View\View.php(234): include('C:\\Users\\Home\\Desktop\\codeigniter4-framework-v4.5.5-0-g2849e7f\\codeigniter4-framework-2849e7f\\app\\Views\\renew.php')
 3 SYSTEMPATH\View\View.php(237): CodeIgniter\View\View->CodeIgniter\View\{closure}()
 4 SYSTEMPATH\Common.php(1171): CodeIgniter\View\View->render('renew', [], true)
 5 APPPATH\Controllers\StudentController.php(162): view('renew', [...])
 6 SYSTEMPATH\CodeIgniter.php(933): App\Controllers\StudentController->renew()
 7 SYSTEMPATH\CodeIgniter.php(509): CodeIgniter\CodeIgniter->runController(Object(App\Controllers\StudentController))
 8 SYSTEMPATH\CodeIgniter.php(355): CodeIgniter\CodeIgniter->handleRequest(null, Object(Config\Cache), false)
 9 SYSTEMPATH\Boot.php(325): CodeIgniter\CodeIgniter->run()
10 SYSTEMPATH\Boot.php(67): CodeIgniter\Boot::runCodeIgniter(Object(CodeIgniter\CodeIgniter))
11 FCPATH\index.php(56): CodeIgniter\Boot::bootWeb(Object(Config\Paths))
12 SYSTEMPATH\rewrite.php(44): require_once('C:\\Users\\Home\\Desktop\\codeigniter4-framework-v4.5.5-0-g2849e7f\\codeigniter4-framework-2849e7f\\public\\index.php')
