ERROR - 2024-11-20 19:03:50 --> Error connecting to the database: mysqli_sql_exception: No connection could be made because the target machine actively refused it in C:\Users\Home\Desktop\codeigniter4-framework-v4.5.5-0-g2849e7f\codeigniter4-framework-2849e7f\system\Database\MySQLi\Connection.php:187
Stack trace:
#0 C:\Users\Home\Desktop\codeigniter4-framework-v4.5.5-0-g2849e7f\codeigniter4-framework-2849e7f\system\Database\MySQLi\Connection.php(187): mysqli->real_connect('localhost', 'root', '', 'codeigniter', 3306, '', 0)
#1 C:\Users\Home\Desktop\codeigniter4-framework-v4.5.5-0-g2849e7f\codeigniter4-framework-2849e7f\system\Database\BaseConnection.php(421): CodeIgniter\Database\MySQLi\Connection->connect(false)
#2 C:\Users\Home\Desktop\codeigniter4-framework-v4.5.5-0-g2849e7f\codeigniter4-framework-2849e7f\system\Database\BaseConnection.php(616): CodeIgniter\Database\BaseConnection->initialize()
#3 C:\Users\Home\Desktop\codeigniter4-framework-v4.5.5-0-g2849e7f\codeigniter4-framework-2849e7f\system\Database\BaseBuilder.php(1644): CodeIgniter\Database\BaseConnection->query('SELECT *\nFROM `...', Array, false)
#4 C:\Users\Home\Desktop\codeigniter4-framework-v4.5.5-0-g2849e7f\codeigniter4-framework-2849e7f\vendor\codeigniter4\settings\src\Handlers\DatabaseHandler.php(186): CodeIgniter\Database\BaseBuilder->get()
#5 C:\Users\Home\Desktop\codeigniter4-framework-v4.5.5-0-g2849e7f\codeigniter4-framework-2849e7f\vendor\codeigniter4\settings\src\Handlers\DatabaseHandler.php(51): CodeIgniter\Settings\Handlers\DatabaseHandler->hydrate(NULL)
#6 C:\Users\Home\Desktop\codeigniter4-framework-v4.5.5-0-g2849e7f\codeigniter4-framework-2849e7f\vendor\codeigniter4\settings\src\Settings.php(59): CodeIgniter\Settings\Handlers\DatabaseHandler->has('Config\\Auth', 'sessionConfig', NULL)
#7 C:\Users\Home\Desktop\codeigniter4-framework-v4.5.5-0-g2849e7f\codeigniter4-framework-2849e7f\vendor\codeigniter4\settings\src\Helpers\setting_helper.php(25): CodeIgniter\Settings\Settings->get('Auth.sessionCon...')
#8 C:\Users\Home\Desktop\codeigniter4-framework-v4.5.5-0-g2849e7f\codeigniter4-framework-2849e7f\vendor\codeigniter4\shield\src\Authentication\Authenticators\Session.php(685): setting('Auth.sessionCon...')
#9 C:\Users\Home\Desktop\codeigniter4-framework-v4.5.5-0-g2849e7f\codeigniter4-framework-2849e7f\vendor\codeigniter4\shield\src\Authentication\Authenticators\Session.php(703): CodeIgniter\Shield\Authentication\Authenticators\Session->getSessionUserInfo()
#10 C:\Users\Home\Desktop\codeigniter4-framework-v4.5.5-0-g2849e7f\codeigniter4-framework-2849e7f\vendor\codeigniter4\shield\src\Authentication\Authenticators\Session.php(390): CodeIgniter\Shield\Authentication\Authenticators\Session->getSessionUserKey('id')
#11 C:\Users\Home\Desktop\codeigniter4-framework-v4.5.5-0-g2849e7f\codeigniter4-framework-2849e7f\vendor\codeigniter4\shield\src\Authentication\Authenticators\Session.php(374): CodeIgniter\Shield\Authentication\Authenticators\Session->checkUserState()
#12 C:\Users\Home\Desktop\codeigniter4-framework-v4.5.5-0-g2849e7f\codeigniter4-framework-2849e7f\vendor\codeigniter4\shield\src\Filters\SessionAuth.php(54): CodeIgniter\Shield\Authentication\Authenticators\Session->loggedIn()
#13 C:\Users\Home\Desktop\codeigniter4-framework-v4.5.5-0-g2849e7f\codeigniter4-framework-2849e7f\system\Filters\Filters.php(205): CodeIgniter\Shield\Filters\SessionAuth->before(Object(CodeIgniter\HTTP\IncomingRequest), NULL)
#14 C:\Users\Home\Desktop\codeigniter4-framework-v4.5.5-0-g2849e7f\codeigniter4-framework-2849e7f\system\Filters\Filters.php(184): CodeIgniter\Filters\Filters->runBefore(Array)
#15 C:\Users\Home\Desktop\codeigniter4-framework-v4.5.5-0-g2849e7f\codeigniter4-framework-2849e7f\system\CodeIgniter.php(481): CodeIgniter\Filters\Filters->run('', 'before')
#16 C:\Users\Home\Desktop\codeigniter4-framework-v4.5.5-0-g2849e7f\codeigniter4-framework-2849e7f\system\CodeIgniter.php(355): CodeIgniter\CodeIgniter->handleRequest(NULL, Object(Config\Cache), false)
#17 C:\Users\Home\Desktop\codeigniter4-framework-v4.5.5-0-g2849e7f\codeigniter4-framework-2849e7f\system\Boot.php(325): CodeIgniter\CodeIgniter->run()
#18 C:\Users\Home\Desktop\codeigniter4-framework-v4.5.5-0-g2849e7f\codeigniter4-framework-2849e7f\system\Boot.php(67): CodeIgniter\Boot::runCodeIgniter(Object(CodeIgniter\CodeIgniter))
#19 C:\Users\Home\Desktop\codeigniter4-framework-v4.5.5-0-g2849e7f\codeigniter4-framework-2849e7f\public\index.php(56): CodeIgniter\Boot::bootWeb(Object(Config\Paths))
#20 C:\Users\Home\Desktop\codeigniter4-framework-v4.5.5-0-g2849e7f\codeigniter4-framework-2849e7f\system\rewrite.php(44): require_once('C:\\Users\\Home\\D...')
#21 {main}

Next CodeIgniter\Database\Exceptions\DatabaseException: No connection could be made because the target machine actively refused it in C:\Users\Home\Desktop\codeigniter4-framework-v4.5.5-0-g2849e7f\codeigniter4-framework-2849e7f\system\Database\MySQLi\Connection.php:231
Stack trace:
#0 C:\Users\Home\Desktop\codeigniter4-framework-v4.5.5-0-g2849e7f\codeigniter4-framework-2849e7f\system\Database\BaseConnection.php(421): CodeIgniter\Database\MySQLi\Connection->connect(false)
#1 C:\Users\Home\Desktop\codeigniter4-framework-v4.5.5-0-g2849e7f\codeigniter4-framework-2849e7f\system\Database\BaseConnection.php(616): CodeIgniter\Database\BaseConnection->initialize()
#2 C:\Users\Home\Desktop\codeigniter4-framework-v4.5.5-0-g2849e7f\codeigniter4-framework-2849e7f\system\Database\BaseBuilder.php(1644): CodeIgniter\Database\BaseConnection->query('SELECT *\nFROM `...', Array, false)
#3 C:\Users\Home\Desktop\codeigniter4-framework-v4.5.5-0-g2849e7f\codeigniter4-framework-2849e7f\vendor\codeigniter4\settings\src\Handlers\DatabaseHandler.php(186): CodeIgniter\Database\BaseBuilder->get()
#4 C:\Users\Home\Desktop\codeigniter4-framework-v4.5.5-0-g2849e7f\codeigniter4-framework-2849e7f\vendor\codeigniter4\settings\src\Handlers\DatabaseHandler.php(51): CodeIgniter\Settings\Handlers\DatabaseHandler->hydrate(NULL)
#5 C:\Users\Home\Desktop\codeigniter4-framework-v4.5.5-0-g2849e7f\codeigniter4-framework-2849e7f\vendor\codeigniter4\settings\src\Settings.php(59): CodeIgniter\Settings\Handlers\DatabaseHandler->has('Config\\Auth', 'sessionConfig', NULL)
#6 C:\Users\Home\Desktop\codeigniter4-framework-v4.5.5-0-g2849e7f\codeigniter4-framework-2849e7f\vendor\codeigniter4\settings\src\Helpers\setting_helper.php(25): CodeIgniter\Settings\Settings->get('Auth.sessionCon...')
#7 C:\Users\Home\Desktop\codeigniter4-framework-v4.5.5-0-g2849e7f\codeigniter4-framework-2849e7f\vendor\codeigniter4\shield\src\Authentication\Authenticators\Session.php(685): setting('Auth.sessionCon...')
#8 C:\Users\Home\Desktop\codeigniter4-framework-v4.5.5-0-g2849e7f\codeigniter4-framework-2849e7f\vendor\codeigniter4\shield\src\Authentication\Authenticators\Session.php(703): CodeIgniter\Shield\Authentication\Authenticators\Session->getSessionUserInfo()
#9 C:\Users\Home\Desktop\codeigniter4-framework-v4.5.5-0-g2849e7f\codeigniter4-framework-2849e7f\vendor\codeigniter4\shield\src\Authentication\Authenticators\Session.php(390): CodeIgniter\Shield\Authentication\Authenticators\Session->getSessionUserKey('id')
#10 C:\Users\Home\Desktop\codeigniter4-framework-v4.5.5-0-g2849e7f\codeigniter4-framework-2849e7f\vendor\codeigniter4\shield\src\Authentication\Authenticators\Session.php(374): CodeIgniter\Shield\Authentication\Authenticators\Session->checkUserState()
#11 C:\Users\Home\Desktop\codeigniter4-framework-v4.5.5-0-g2849e7f\codeigniter4-framework-2849e7f\vendor\codeigniter4\shield\src\Filters\SessionAuth.php(54): CodeIgniter\Shield\Authentication\Authenticators\Session->loggedIn()
#12 C:\Users\Home\Desktop\codeigniter4-framework-v4.5.5-0-g2849e7f\codeigniter4-framework-2849e7f\system\Filters\Filters.php(205): CodeIgniter\Shield\Filters\SessionAuth->before(Object(CodeIgniter\HTTP\IncomingRequest), NULL)
#13 C:\Users\Home\Desktop\codeigniter4-framework-v4.5.5-0-g2849e7f\codeigniter4-framework-2849e7f\system\Filters\Filters.php(184): CodeIgniter\Filters\Filters->runBefore(Array)
#14 C:\Users\Home\Desktop\codeigniter4-framework-v4.5.5-0-g2849e7f\codeigniter4-framework-2849e7f\system\CodeIgniter.php(481): CodeIgniter\Filters\Filters->run('', 'before')
#15 C:\Users\Home\Desktop\codeigniter4-framework-v4.5.5-0-g2849e7f\codeigniter4-framework-2849e7f\system\CodeIgniter.php(355): CodeIgniter\CodeIgniter->handleRequest(NULL, Object(Config\Cache), false)
#16 C:\Users\Home\Desktop\codeigniter4-framework-v4.5.5-0-g2849e7f\codeigniter4-framework-2849e7f\system\Boot.php(325): CodeIgniter\CodeIgniter->run()
#17 C:\Users\Home\Desktop\codeigniter4-framework-v4.5.5-0-g2849e7f\codeigniter4-framework-2849e7f\system\Boot.php(67): CodeIgniter\Boot::runCodeIgniter(Object(CodeIgniter\CodeIgniter))
#18 C:\Users\Home\Desktop\codeigniter4-framework-v4.5.5-0-g2849e7f\codeigniter4-framework-2849e7f\public\index.php(56): CodeIgniter\Boot::bootWeb(Object(Config\Paths))
#19 C:\Users\Home\Desktop\codeigniter4-framework-v4.5.5-0-g2849e7f\codeigniter4-framework-2849e7f\system\rewrite.php(44): require_once('C:\\Users\\Home\\D...')
#20 {main}
CRITICAL - 2024-11-20 19:03:50 --> CodeIgniter\Database\Exceptions\DatabaseException: Unable to connect to the database.
Main connection [MySQLi]: No connection could be made because the target machine actively refused it
[Method: GET, Route: /]
in SYSTEMPATH\Database\BaseConnection.php on line 467.
 1 SYSTEMPATH\Database\BaseConnection.php(616): CodeIgniter\Database\BaseConnection->initialize()
 2 SYSTEMPATH\Database\BaseBuilder.php(1644): CodeIgniter\Database\BaseConnection->query('SELECT *
FROM `settings`
WHERE `context` IS NULL', [], false)
 3 VENDORPATH\codeigniter4\settings\src\Handlers\DatabaseHandler.php(186): CodeIgniter\Database\BaseBuilder->get()
 4 VENDORPATH\codeigniter4\settings\src\Handlers\DatabaseHandler.php(51): CodeIgniter\Settings\Handlers\DatabaseHandler->hydrate(null)
 5 VENDORPATH\codeigniter4\settings\src\Settings.php(59): CodeIgniter\Settings\Handlers\DatabaseHandler->has('Config\\Auth', 'sessionConfig', null)
 6 VENDORPATH\codeigniter4\settings\src\Helpers\setting_helper.php(25): CodeIgniter\Settings\Settings->get('Auth.sessionConfig')
 7 VENDORPATH\codeigniter4\shield\src\Authentication\Authenticators\Session.php(685): setting('Auth.sessionConfig')
 8 VENDORPATH\codeigniter4\shield\src\Authentication\Authenticators\Session.php(703): CodeIgniter\Shield\Authentication\Authenticators\Session->getSessionUserInfo()
 9 VENDORPATH\codeigniter4\shield\src\Authentication\Authenticators\Session.php(390): CodeIgniter\Shield\Authentication\Authenticators\Session->getSessionUserKey('id')
10 VENDORPATH\codeigniter4\shield\src\Authentication\Authenticators\Session.php(374): CodeIgniter\Shield\Authentication\Authenticators\Session->checkUserState()
11 VENDORPATH\codeigniter4\shield\src\Filters\SessionAuth.php(54): CodeIgniter\Shield\Authentication\Authenticators\Session->loggedIn()
12 SYSTEMPATH\Filters\Filters.php(205): CodeIgniter\Shield\Filters\SessionAuth->before(Object(CodeIgniter\HTTP\IncomingRequest), null)
13 SYSTEMPATH\Filters\Filters.php(184): CodeIgniter\Filters\Filters->runBefore([...])
14 SYSTEMPATH\CodeIgniter.php(481): CodeIgniter\Filters\Filters->run('', 'before')
15 SYSTEMPATH\CodeIgniter.php(355): CodeIgniter\CodeIgniter->handleRequest(null, Object(Config\Cache), false)
16 SYSTEMPATH\Boot.php(325): CodeIgniter\CodeIgniter->run()
17 SYSTEMPATH\Boot.php(67): CodeIgniter\Boot::runCodeIgniter(Object(CodeIgniter\CodeIgniter))
18 FCPATH\index.php(56): CodeIgniter\Boot::bootWeb(Object(Config\Paths))
19 SYSTEMPATH\rewrite.php(44): require_once('C:\\Users\\Home\\Desktop\\codeigniter4-framework-v4.5.5-0-g2849e7f\\codeigniter4-framework-2849e7f\\public\\index.php')
ERROR - 2024-11-20 19:04:06 --> Error connecting to the database: mysqli_sql_exception: No connection could be made because the target machine actively refused it in C:\Users\Home\Desktop\codeigniter4-framework-v4.5.5-0-g2849e7f\codeigniter4-framework-2849e7f\system\Database\MySQLi\Connection.php:187
Stack trace:
#0 C:\Users\Home\Desktop\codeigniter4-framework-v4.5.5-0-g2849e7f\codeigniter4-framework-2849e7f\system\Database\MySQLi\Connection.php(187): mysqli->real_connect('localhost', 'root', '', 'codeigniter', 3306, '', 0)
#1 C:\Users\Home\Desktop\codeigniter4-framework-v4.5.5-0-g2849e7f\codeigniter4-framework-2849e7f\system\Database\BaseConnection.php(421): CodeIgniter\Database\MySQLi\Connection->connect(false)
#2 C:\Users\Home\Desktop\codeigniter4-framework-v4.5.5-0-g2849e7f\codeigniter4-framework-2849e7f\system\Database\BaseConnection.php(616): CodeIgniter\Database\BaseConnection->initialize()
#3 C:\Users\Home\Desktop\codeigniter4-framework-v4.5.5-0-g2849e7f\codeigniter4-framework-2849e7f\system\Database\BaseBuilder.php(1644): CodeIgniter\Database\BaseConnection->query('SELECT *\nFROM `...', Array, false)
#4 C:\Users\Home\Desktop\codeigniter4-framework-v4.5.5-0-g2849e7f\codeigniter4-framework-2849e7f\vendor\codeigniter4\settings\src\Handlers\DatabaseHandler.php(186): CodeIgniter\Database\BaseBuilder->get()
#5 C:\Users\Home\Desktop\codeigniter4-framework-v4.5.5-0-g2849e7f\codeigniter4-framework-2849e7f\vendor\codeigniter4\settings\src\Handlers\DatabaseHandler.php(51): CodeIgniter\Settings\Handlers\DatabaseHandler->hydrate(NULL)
#6 C:\Users\Home\Desktop\codeigniter4-framework-v4.5.5-0-g2849e7f\codeigniter4-framework-2849e7f\vendor\codeigniter4\settings\src\Settings.php(59): CodeIgniter\Settings\Handlers\DatabaseHandler->has('Config\\Auth', 'sessionConfig', NULL)
#7 C:\Users\Home\Desktop\codeigniter4-framework-v4.5.5-0-g2849e7f\codeigniter4-framework-2849e7f\vendor\codeigniter4\settings\src\Helpers\setting_helper.php(25): CodeIgniter\Settings\Settings->get('Auth.sessionCon...')
#8 C:\Users\Home\Desktop\codeigniter4-framework-v4.5.5-0-g2849e7f\codeigniter4-framework-2849e7f\vendor\codeigniter4\shield\src\Authentication\Authenticators\Session.php(685): setting('Auth.sessionCon...')
#9 C:\Users\Home\Desktop\codeigniter4-framework-v4.5.5-0-g2849e7f\codeigniter4-framework-2849e7f\vendor\codeigniter4\shield\src\Authentication\Authenticators\Session.php(703): CodeIgniter\Shield\Authentication\Authenticators\Session->getSessionUserInfo()
#10 C:\Users\Home\Desktop\codeigniter4-framework-v4.5.5-0-g2849e7f\codeigniter4-framework-2849e7f\vendor\codeigniter4\shield\src\Authentication\Authenticators\Session.php(390): CodeIgniter\Shield\Authentication\Authenticators\Session->getSessionUserKey('id')
#11 C:\Users\Home\Desktop\codeigniter4-framework-v4.5.5-0-g2849e7f\codeigniter4-framework-2849e7f\vendor\codeigniter4\shield\src\Authentication\Authenticators\Session.php(374): CodeIgniter\Shield\Authentication\Authenticators\Session->checkUserState()
#12 C:\Users\Home\Desktop\codeigniter4-framework-v4.5.5-0-g2849e7f\codeigniter4-framework-2849e7f\vendor\codeigniter4\shield\src\Filters\SessionAuth.php(54): CodeIgniter\Shield\Authentication\Authenticators\Session->loggedIn()
#13 C:\Users\Home\Desktop\codeigniter4-framework-v4.5.5-0-g2849e7f\codeigniter4-framework-2849e7f\system\Filters\Filters.php(205): CodeIgniter\Shield\Filters\SessionAuth->before(Object(CodeIgniter\HTTP\IncomingRequest), NULL)
#14 C:\Users\Home\Desktop\codeigniter4-framework-v4.5.5-0-g2849e7f\codeigniter4-framework-2849e7f\system\Filters\Filters.php(184): CodeIgniter\Filters\Filters->runBefore(Array)
#15 C:\Users\Home\Desktop\codeigniter4-framework-v4.5.5-0-g2849e7f\codeigniter4-framework-2849e7f\system\CodeIgniter.php(481): CodeIgniter\Filters\Filters->run('', 'before')
#16 C:\Users\Home\Desktop\codeigniter4-framework-v4.5.5-0-g2849e7f\codeigniter4-framework-2849e7f\system\CodeIgniter.php(355): CodeIgniter\CodeIgniter->handleRequest(NULL, Object(Config\Cache), false)
#17 C:\Users\Home\Desktop\codeigniter4-framework-v4.5.5-0-g2849e7f\codeigniter4-framework-2849e7f\system\Boot.php(325): CodeIgniter\CodeIgniter->run()
#18 C:\Users\Home\Desktop\codeigniter4-framework-v4.5.5-0-g2849e7f\codeigniter4-framework-2849e7f\system\Boot.php(67): CodeIgniter\Boot::runCodeIgniter(Object(CodeIgniter\CodeIgniter))
#19 C:\Users\Home\Desktop\codeigniter4-framework-v4.5.5-0-g2849e7f\codeigniter4-framework-2849e7f\public\index.php(56): CodeIgniter\Boot::bootWeb(Object(Config\Paths))
#20 C:\Users\Home\Desktop\codeigniter4-framework-v4.5.5-0-g2849e7f\codeigniter4-framework-2849e7f\system\rewrite.php(44): require_once('C:\\Users\\Home\\D...')
#21 {main}

Next CodeIgniter\Database\Exceptions\DatabaseException: No connection could be made because the target machine actively refused it in C:\Users\Home\Desktop\codeigniter4-framework-v4.5.5-0-g2849e7f\codeigniter4-framework-2849e7f\system\Database\MySQLi\Connection.php:231
Stack trace:
#0 C:\Users\Home\Desktop\codeigniter4-framework-v4.5.5-0-g2849e7f\codeigniter4-framework-2849e7f\system\Database\BaseConnection.php(421): CodeIgniter\Database\MySQLi\Connection->connect(false)
#1 C:\Users\Home\Desktop\codeigniter4-framework-v4.5.5-0-g2849e7f\codeigniter4-framework-2849e7f\system\Database\BaseConnection.php(616): CodeIgniter\Database\BaseConnection->initialize()
#2 C:\Users\Home\Desktop\codeigniter4-framework-v4.5.5-0-g2849e7f\codeigniter4-framework-2849e7f\system\Database\BaseBuilder.php(1644): CodeIgniter\Database\BaseConnection->query('SELECT *\nFROM `...', Array, false)
#3 C:\Users\Home\Desktop\codeigniter4-framework-v4.5.5-0-g2849e7f\codeigniter4-framework-2849e7f\vendor\codeigniter4\settings\src\Handlers\DatabaseHandler.php(186): CodeIgniter\Database\BaseBuilder->get()
#4 C:\Users\Home\Desktop\codeigniter4-framework-v4.5.5-0-g2849e7f\codeigniter4-framework-2849e7f\vendor\codeigniter4\settings\src\Handlers\DatabaseHandler.php(51): CodeIgniter\Settings\Handlers\DatabaseHandler->hydrate(NULL)
#5 C:\Users\Home\Desktop\codeigniter4-framework-v4.5.5-0-g2849e7f\codeigniter4-framework-2849e7f\vendor\codeigniter4\settings\src\Settings.php(59): CodeIgniter\Settings\Handlers\DatabaseHandler->has('Config\\Auth', 'sessionConfig', NULL)
#6 C:\Users\Home\Desktop\codeigniter4-framework-v4.5.5-0-g2849e7f\codeigniter4-framework-2849e7f\vendor\codeigniter4\settings\src\Helpers\setting_helper.php(25): CodeIgniter\Settings\Settings->get('Auth.sessionCon...')
#7 C:\Users\Home\Desktop\codeigniter4-framework-v4.5.5-0-g2849e7f\codeigniter4-framework-2849e7f\vendor\codeigniter4\shield\src\Authentication\Authenticators\Session.php(685): setting('Auth.sessionCon...')
#8 C:\Users\Home\Desktop\codeigniter4-framework-v4.5.5-0-g2849e7f\codeigniter4-framework-2849e7f\vendor\codeigniter4\shield\src\Authentication\Authenticators\Session.php(703): CodeIgniter\Shield\Authentication\Authenticators\Session->getSessionUserInfo()
#9 C:\Users\Home\Desktop\codeigniter4-framework-v4.5.5-0-g2849e7f\codeigniter4-framework-2849e7f\vendor\codeigniter4\shield\src\Authentication\Authenticators\Session.php(390): CodeIgniter\Shield\Authentication\Authenticators\Session->getSessionUserKey('id')
#10 C:\Users\Home\Desktop\codeigniter4-framework-v4.5.5-0-g2849e7f\codeigniter4-framework-2849e7f\vendor\codeigniter4\shield\src\Authentication\Authenticators\Session.php(374): CodeIgniter\Shield\Authentication\Authenticators\Session->checkUserState()
#11 C:\Users\Home\Desktop\codeigniter4-framework-v4.5.5-0-g2849e7f\codeigniter4-framework-2849e7f\vendor\codeigniter4\shield\src\Filters\SessionAuth.php(54): CodeIgniter\Shield\Authentication\Authenticators\Session->loggedIn()
#12 C:\Users\Home\Desktop\codeigniter4-framework-v4.5.5-0-g2849e7f\codeigniter4-framework-2849e7f\system\Filters\Filters.php(205): CodeIgniter\Shield\Filters\SessionAuth->before(Object(CodeIgniter\HTTP\IncomingRequest), NULL)
#13 C:\Users\Home\Desktop\codeigniter4-framework-v4.5.5-0-g2849e7f\codeigniter4-framework-2849e7f\system\Filters\Filters.php(184): CodeIgniter\Filters\Filters->runBefore(Array)
#14 C:\Users\Home\Desktop\codeigniter4-framework-v4.5.5-0-g2849e7f\codeigniter4-framework-2849e7f\system\CodeIgniter.php(481): CodeIgniter\Filters\Filters->run('', 'before')
#15 C:\Users\Home\Desktop\codeigniter4-framework-v4.5.5-0-g2849e7f\codeigniter4-framework-2849e7f\system\CodeIgniter.php(355): CodeIgniter\CodeIgniter->handleRequest(NULL, Object(Config\Cache), false)
#16 C:\Users\Home\Desktop\codeigniter4-framework-v4.5.5-0-g2849e7f\codeigniter4-framework-2849e7f\system\Boot.php(325): CodeIgniter\CodeIgniter->run()
#17 C:\Users\Home\Desktop\codeigniter4-framework-v4.5.5-0-g2849e7f\codeigniter4-framework-2849e7f\system\Boot.php(67): CodeIgniter\Boot::runCodeIgniter(Object(CodeIgniter\CodeIgniter))
#18 C:\Users\Home\Desktop\codeigniter4-framework-v4.5.5-0-g2849e7f\codeigniter4-framework-2849e7f\public\index.php(56): CodeIgniter\Boot::bootWeb(Object(Config\Paths))
#19 C:\Users\Home\Desktop\codeigniter4-framework-v4.5.5-0-g2849e7f\codeigniter4-framework-2849e7f\system\rewrite.php(44): require_once('C:\\Users\\Home\\D...')
#20 {main}
CRITICAL - 2024-11-20 19:04:06 --> CodeIgniter\Database\Exceptions\DatabaseException: Unable to connect to the database.
Main connection [MySQLi]: No connection could be made because the target machine actively refused it
[Method: GET, Route: /]
in SYSTEMPATH\Database\BaseConnection.php on line 467.
 1 SYSTEMPATH\Database\BaseConnection.php(616): CodeIgniter\Database\BaseConnection->initialize()
 2 SYSTEMPATH\Database\BaseBuilder.php(1644): CodeIgniter\Database\BaseConnection->query('SELECT *
FROM `settings`
WHERE `context` IS NULL', [], false)
 3 VENDORPATH\codeigniter4\settings\src\Handlers\DatabaseHandler.php(186): CodeIgniter\Database\BaseBuilder->get()
 4 VENDORPATH\codeigniter4\settings\src\Handlers\DatabaseHandler.php(51): CodeIgniter\Settings\Handlers\DatabaseHandler->hydrate(null)
 5 VENDORPATH\codeigniter4\settings\src\Settings.php(59): CodeIgniter\Settings\Handlers\DatabaseHandler->has('Config\\Auth', 'sessionConfig', null)
 6 VENDORPATH\codeigniter4\settings\src\Helpers\setting_helper.php(25): CodeIgniter\Settings\Settings->get('Auth.sessionConfig')
 7 VENDORPATH\codeigniter4\shield\src\Authentication\Authenticators\Session.php(685): setting('Auth.sessionConfig')
 8 VENDORPATH\codeigniter4\shield\src\Authentication\Authenticators\Session.php(703): CodeIgniter\Shield\Authentication\Authenticators\Session->getSessionUserInfo()
 9 VENDORPATH\codeigniter4\shield\src\Authentication\Authenticators\Session.php(390): CodeIgniter\Shield\Authentication\Authenticators\Session->getSessionUserKey('id')
10 VENDORPATH\codeigniter4\shield\src\Authentication\Authenticators\Session.php(374): CodeIgniter\Shield\Authentication\Authenticators\Session->checkUserState()
11 VENDORPATH\codeigniter4\shield\src\Filters\SessionAuth.php(54): CodeIgniter\Shield\Authentication\Authenticators\Session->loggedIn()
12 SYSTEMPATH\Filters\Filters.php(205): CodeIgniter\Shield\Filters\SessionAuth->before(Object(CodeIgniter\HTTP\IncomingRequest), null)
13 SYSTEMPATH\Filters\Filters.php(184): CodeIgniter\Filters\Filters->runBefore([...])
14 SYSTEMPATH\CodeIgniter.php(481): CodeIgniter\Filters\Filters->run('', 'before')
15 SYSTEMPATH\CodeIgniter.php(355): CodeIgniter\CodeIgniter->handleRequest(null, Object(Config\Cache), false)
16 SYSTEMPATH\Boot.php(325): CodeIgniter\CodeIgniter->run()
17 SYSTEMPATH\Boot.php(67): CodeIgniter\Boot::runCodeIgniter(Object(CodeIgniter\CodeIgniter))
18 FCPATH\index.php(56): CodeIgniter\Boot::bootWeb(Object(Config\Paths))
19 SYSTEMPATH\rewrite.php(44): require_once('C:\\Users\\Home\\Desktop\\codeigniter4-framework-v4.5.5-0-g2849e7f\\codeigniter4-framework-2849e7f\\public\\index.php')
CRITICAL - 2024-11-20 19:15:21 --> ErrorException: Trying to access array offset on value of type null
[Method: GET, Route: student/profile/43]
in APPPATH\Views\student_profile.php on line 153.
 1 APPPATH\Views\student_profile.php(153): CodeIgniter\Debug\Exceptions->errorHandler(2, 'Trying to access array offset on value of type null', 'C:\\Users\\Home\\Desktop\\codeigniter4-framework-v4.5.5-0-g2849e7f\\codeigniter4-framework-2849e7f\\app\\Views\\student_profile.php', 153)
 2 SYSTEMPATH\View\View.php(234): include('C:\\Users\\Home\\Desktop\\codeigniter4-framework-v4.5.5-0-g2849e7f\\codeigniter4-framework-2849e7f\\app\\Views\\student_profile.php')
 3 SYSTEMPATH\View\View.php(237): CodeIgniter\View\View->CodeIgniter\View\{closure}()
 4 SYSTEMPATH\Common.php(1171): CodeIgniter\View\View->render('student_profile', [], true)
 5 APPPATH\Controllers\StudentController.php(36): view('student_profile', [...])
 6 SYSTEMPATH\CodeIgniter.php(933): App\Controllers\StudentController->profile('43')
 7 SYSTEMPATH\CodeIgniter.php(509): CodeIgniter\CodeIgniter->runController(Object(App\Controllers\StudentController))
 8 SYSTEMPATH\CodeIgniter.php(355): CodeIgniter\CodeIgniter->handleRequest(null, Object(Config\Cache), false)
 9 SYSTEMPATH\Boot.php(325): CodeIgniter\CodeIgniter->run()
10 SYSTEMPATH\Boot.php(67): CodeIgniter\Boot::runCodeIgniter(Object(CodeIgniter\CodeIgniter))
11 FCPATH\index.php(56): CodeIgniter\Boot::bootWeb(Object(Config\Paths))
12 SYSTEMPATH\rewrite.php(44): require_once('C:\\Users\\Home\\Desktop\\codeigniter4-framework-v4.5.5-0-g2849e7f\\codeigniter4-framework-2849e7f\\public\\index.php')
CRITICAL - 2024-11-20 19:15:50 --> ErrorException: Trying to access array offset on value of type null
[Method: GET, Route: student/profile/44]
in APPPATH\Views\student_profile.php on line 153.
 1 APPPATH\Views\student_profile.php(153): CodeIgniter\Debug\Exceptions->errorHandler(2, 'Trying to access array offset on value of type null', 'C:\\Users\\Home\\Desktop\\codeigniter4-framework-v4.5.5-0-g2849e7f\\codeigniter4-framework-2849e7f\\app\\Views\\student_profile.php', 153)
 2 SYSTEMPATH\View\View.php(234): include('C:\\Users\\Home\\Desktop\\codeigniter4-framework-v4.5.5-0-g2849e7f\\codeigniter4-framework-2849e7f\\app\\Views\\student_profile.php')
 3 SYSTEMPATH\View\View.php(237): CodeIgniter\View\View->CodeIgniter\View\{closure}()
 4 SYSTEMPATH\Common.php(1171): CodeIgniter\View\View->render('student_profile', [], true)
 5 APPPATH\Controllers\StudentController.php(36): view('student_profile', [...])
 6 SYSTEMPATH\CodeIgniter.php(933): App\Controllers\StudentController->profile('44')
 7 SYSTEMPATH\CodeIgniter.php(509): CodeIgniter\CodeIgniter->runController(Object(App\Controllers\StudentController))
 8 SYSTEMPATH\CodeIgniter.php(355): CodeIgniter\CodeIgniter->handleRequest(null, Object(Config\Cache), false)
 9 SYSTEMPATH\Boot.php(325): CodeIgniter\CodeIgniter->run()
10 SYSTEMPATH\Boot.php(67): CodeIgniter\Boot::runCodeIgniter(Object(CodeIgniter\CodeIgniter))
11 FCPATH\index.php(56): CodeIgniter\Boot::bootWeb(Object(Config\Paths))
12 SYSTEMPATH\rewrite.php(44): require_once('C:\\Users\\Home\\Desktop\\codeigniter4-framework-v4.5.5-0-g2849e7f\\codeigniter4-framework-2849e7f\\public\\index.php')
CRITICAL - 2024-11-20 19:17:08 --> ErrorException: Trying to access array offset on value of type null
[Method: GET, Route: student/profile/44]
in APPPATH\Views\student_profile.php on line 141.
 1 APPPATH\Views\student_profile.php(141): CodeIgniter\Debug\Exceptions->errorHandler(2, 'Trying to access array offset on value of type null', 'C:\\Users\\Home\\Desktop\\codeigniter4-framework-v4.5.5-0-g2849e7f\\codeigniter4-framework-2849e7f\\app\\Views\\student_profile.php', 141)
 2 SYSTEMPATH\View\View.php(234): include('C:\\Users\\Home\\Desktop\\codeigniter4-framework-v4.5.5-0-g2849e7f\\codeigniter4-framework-2849e7f\\app\\Views\\student_profile.php')
 3 SYSTEMPATH\View\View.php(237): CodeIgniter\View\View->CodeIgniter\View\{closure}()
 4 SYSTEMPATH\Common.php(1171): CodeIgniter\View\View->render('student_profile', [], true)
 5 APPPATH\Controllers\StudentController.php(36): view('student_profile', [...])
 6 SYSTEMPATH\CodeIgniter.php(933): App\Controllers\StudentController->profile('44')
 7 SYSTEMPATH\CodeIgniter.php(509): CodeIgniter\CodeIgniter->runController(Object(App\Controllers\StudentController))
 8 SYSTEMPATH\CodeIgniter.php(355): CodeIgniter\CodeIgniter->handleRequest(null, Object(Config\Cache), false)
 9 SYSTEMPATH\Boot.php(325): CodeIgniter\CodeIgniter->run()
10 SYSTEMPATH\Boot.php(67): CodeIgniter\Boot::runCodeIgniter(Object(CodeIgniter\CodeIgniter))
11 FCPATH\index.php(56): CodeIgniter\Boot::bootWeb(Object(Config\Paths))
12 SYSTEMPATH\rewrite.php(44): require_once('C:\\Users\\Home\\Desktop\\codeigniter4-framework-v4.5.5-0-g2849e7f\\codeigniter4-framework-2849e7f\\public\\index.php')
CRITICAL - 2024-11-20 19:17:12 --> ErrorException: Trying to access array offset on value of type null
[Method: GET, Route: student/profile/45]
in APPPATH\Views\student_profile.php on line 141.
 1 APPPATH\Views\student_profile.php(141): CodeIgniter\Debug\Exceptions->errorHandler(2, 'Trying to access array offset on value of type null', 'C:\\Users\\Home\\Desktop\\codeigniter4-framework-v4.5.5-0-g2849e7f\\codeigniter4-framework-2849e7f\\app\\Views\\student_profile.php', 141)
 2 SYSTEMPATH\View\View.php(234): include('C:\\Users\\Home\\Desktop\\codeigniter4-framework-v4.5.5-0-g2849e7f\\codeigniter4-framework-2849e7f\\app\\Views\\student_profile.php')
 3 SYSTEMPATH\View\View.php(237): CodeIgniter\View\View->CodeIgniter\View\{closure}()
 4 SYSTEMPATH\Common.php(1171): CodeIgniter\View\View->render('student_profile', [], true)
 5 APPPATH\Controllers\StudentController.php(36): view('student_profile', [...])
 6 SYSTEMPATH\CodeIgniter.php(933): App\Controllers\StudentController->profile('45')
 7 SYSTEMPATH\CodeIgniter.php(509): CodeIgniter\CodeIgniter->runController(Object(App\Controllers\StudentController))
 8 SYSTEMPATH\CodeIgniter.php(355): CodeIgniter\CodeIgniter->handleRequest(null, Object(Config\Cache), false)
 9 SYSTEMPATH\Boot.php(325): CodeIgniter\CodeIgniter->run()
10 SYSTEMPATH\Boot.php(67): CodeIgniter\Boot::runCodeIgniter(Object(CodeIgniter\CodeIgniter))
11 FCPATH\index.php(56): CodeIgniter\Boot::bootWeb(Object(Config\Paths))
12 SYSTEMPATH\rewrite.php(44): require_once('C:\\Users\\Home\\Desktop\\codeigniter4-framework-v4.5.5-0-g2849e7f\\codeigniter4-framework-2849e7f\\public\\index.php')
CRITICAL - 2024-11-20 19:17:16 --> ErrorException: Trying to access array offset on value of type null
[Method: GET, Route: student/profile/43]
in APPPATH\Views\student_profile.php on line 141.
 1 APPPATH\Views\student_profile.php(141): CodeIgniter\Debug\Exceptions->errorHandler(2, 'Trying to access array offset on value of type null', 'C:\\Users\\Home\\Desktop\\codeigniter4-framework-v4.5.5-0-g2849e7f\\codeigniter4-framework-2849e7f\\app\\Views\\student_profile.php', 141)
 2 SYSTEMPATH\View\View.php(234): include('C:\\Users\\Home\\Desktop\\codeigniter4-framework-v4.5.5-0-g2849e7f\\codeigniter4-framework-2849e7f\\app\\Views\\student_profile.php')
 3 SYSTEMPATH\View\View.php(237): CodeIgniter\View\View->CodeIgniter\View\{closure}()
 4 SYSTEMPATH\Common.php(1171): CodeIgniter\View\View->render('student_profile', [], true)
 5 APPPATH\Controllers\StudentController.php(36): view('student_profile', [...])
 6 SYSTEMPATH\CodeIgniter.php(933): App\Controllers\StudentController->profile('43')
 7 SYSTEMPATH\CodeIgniter.php(509): CodeIgniter\CodeIgniter->runController(Object(App\Controllers\StudentController))
 8 SYSTEMPATH\CodeIgniter.php(355): CodeIgniter\CodeIgniter->handleRequest(null, Object(Config\Cache), false)
 9 SYSTEMPATH\Boot.php(325): CodeIgniter\CodeIgniter->run()
10 SYSTEMPATH\Boot.php(67): CodeIgniter\Boot::runCodeIgniter(Object(CodeIgniter\CodeIgniter))
11 FCPATH\index.php(56): CodeIgniter\Boot::bootWeb(Object(Config\Paths))
12 SYSTEMPATH\rewrite.php(44): require_once('C:\\Users\\Home\\Desktop\\codeigniter4-framework-v4.5.5-0-g2849e7f\\codeigniter4-framework-2849e7f\\public\\index.php')
CRITICAL - 2024-11-20 19:21:31 --> ErrorException: Trying to access array offset on value of type null
[Method: GET, Route: student/profile/43]
in APPPATH\Views\student_profile.php on line 141.
 1 APPPATH\Views\student_profile.php(141): CodeIgniter\Debug\Exceptions->errorHandler(2, 'Trying to access array offset on value of type null', 'C:\\Users\\Home\\Desktop\\codeigniter4-framework-v4.5.5-0-g2849e7f\\codeigniter4-framework-2849e7f\\app\\Views\\student_profile.php', 141)
 2 SYSTEMPATH\View\View.php(234): include('C:\\Users\\Home\\Desktop\\codeigniter4-framework-v4.5.5-0-g2849e7f\\codeigniter4-framework-2849e7f\\app\\Views\\student_profile.php')
 3 SYSTEMPATH\View\View.php(237): CodeIgniter\View\View->CodeIgniter\View\{closure}()
 4 SYSTEMPATH\Common.php(1171): CodeIgniter\View\View->render('student_profile', [], true)
 5 APPPATH\Controllers\StudentController.php(37): view('student_profile', [...])
 6 SYSTEMPATH\CodeIgniter.php(933): App\Controllers\StudentController->profile('43')
 7 SYSTEMPATH\CodeIgniter.php(509): CodeIgniter\CodeIgniter->runController(Object(App\Controllers\StudentController))
 8 SYSTEMPATH\CodeIgniter.php(355): CodeIgniter\CodeIgniter->handleRequest(null, Object(Config\Cache), false)
 9 SYSTEMPATH\Boot.php(325): CodeIgniter\CodeIgniter->run()
10 SYSTEMPATH\Boot.php(67): CodeIgniter\Boot::runCodeIgniter(Object(CodeIgniter\CodeIgniter))
11 FCPATH\index.php(56): CodeIgniter\Boot::bootWeb(Object(Config\Paths))
12 SYSTEMPATH\rewrite.php(44): require_once('C:\\Users\\Home\\Desktop\\codeigniter4-framework-v4.5.5-0-g2849e7f\\codeigniter4-framework-2849e7f\\public\\index.php')
CRITICAL - 2024-11-20 19:21:35 --> ErrorException: Trying to access array offset on value of type null
[Method: GET, Route: student/profile/44]
in APPPATH\Views\student_profile.php on line 141.
 1 APPPATH\Views\student_profile.php(141): CodeIgniter\Debug\Exceptions->errorHandler(2, 'Trying to access array offset on value of type null', 'C:\\Users\\Home\\Desktop\\codeigniter4-framework-v4.5.5-0-g2849e7f\\codeigniter4-framework-2849e7f\\app\\Views\\student_profile.php', 141)
 2 SYSTEMPATH\View\View.php(234): include('C:\\Users\\Home\\Desktop\\codeigniter4-framework-v4.5.5-0-g2849e7f\\codeigniter4-framework-2849e7f\\app\\Views\\student_profile.php')
 3 SYSTEMPATH\View\View.php(237): CodeIgniter\View\View->CodeIgniter\View\{closure}()
 4 SYSTEMPATH\Common.php(1171): CodeIgniter\View\View->render('student_profile', [], true)
 5 APPPATH\Controllers\StudentController.php(37): view('student_profile', [...])
 6 SYSTEMPATH\CodeIgniter.php(933): App\Controllers\StudentController->profile('44')
 7 SYSTEMPATH\CodeIgniter.php(509): CodeIgniter\CodeIgniter->runController(Object(App\Controllers\StudentController))
 8 SYSTEMPATH\CodeIgniter.php(355): CodeIgniter\CodeIgniter->handleRequest(null, Object(Config\Cache), false)
 9 SYSTEMPATH\Boot.php(325): CodeIgniter\CodeIgniter->run()
10 SYSTEMPATH\Boot.php(67): CodeIgniter\Boot::runCodeIgniter(Object(CodeIgniter\CodeIgniter))
11 FCPATH\index.php(56): CodeIgniter\Boot::bootWeb(Object(Config\Paths))
12 SYSTEMPATH\rewrite.php(44): require_once('C:\\Users\\Home\\Desktop\\codeigniter4-framework-v4.5.5-0-g2849e7f\\codeigniter4-framework-2849e7f\\public\\index.php')
CRITICAL - 2024-11-20 19:25:17 --> ErrorException: Trying to access array offset on value of type null
[Method: GET, Route: student/profile/43]
in APPPATH\Views\student_profile.php on line 141.
 1 APPPATH\Views\student_profile.php(141): CodeIgniter\Debug\Exceptions->errorHandler(2, 'Trying to access array offset on value of type null', 'C:\\Users\\Home\\Desktop\\codeigniter4-framework-v4.5.5-0-g2849e7f\\codeigniter4-framework-2849e7f\\app\\Views\\student_profile.php', 141)
 2 SYSTEMPATH\View\View.php(234): include('C:\\Users\\Home\\Desktop\\codeigniter4-framework-v4.5.5-0-g2849e7f\\codeigniter4-framework-2849e7f\\app\\Views\\student_profile.php')
 3 SYSTEMPATH\View\View.php(237): CodeIgniter\View\View->CodeIgniter\View\{closure}()
 4 SYSTEMPATH\Common.php(1171): CodeIgniter\View\View->render('student_profile', [], true)
 5 APPPATH\Controllers\StudentController.php(37): view('student_profile', [...])
 6 SYSTEMPATH\CodeIgniter.php(933): App\Controllers\StudentController->profile('43')
 7 SYSTEMPATH\CodeIgniter.php(509): CodeIgniter\CodeIgniter->runController(Object(App\Controllers\StudentController))
 8 SYSTEMPATH\CodeIgniter.php(355): CodeIgniter\CodeIgniter->handleRequest(null, Object(Config\Cache), false)
 9 SYSTEMPATH\Boot.php(325): CodeIgniter\CodeIgniter->run()
10 SYSTEMPATH\Boot.php(67): CodeIgniter\Boot::runCodeIgniter(Object(CodeIgniter\CodeIgniter))
11 FCPATH\index.php(56): CodeIgniter\Boot::bootWeb(Object(Config\Paths))
12 SYSTEMPATH\rewrite.php(44): require_once('C:\\Users\\Home\\Desktop\\codeigniter4-framework-v4.5.5-0-g2849e7f\\codeigniter4-framework-2849e7f\\public\\index.php')
CRITICAL - 2024-11-20 19:26:13 --> ErrorException: Trying to access array offset on value of type null
[Method: GET, Route: student/profile/43]
in APPPATH\Views\student_profile.php on line 141.
 1 APPPATH\Views\student_profile.php(141): CodeIgniter\Debug\Exceptions->errorHandler(2, 'Trying to access array offset on value of type null', 'C:\\Users\\Home\\Desktop\\codeigniter4-framework-v4.5.5-0-g2849e7f\\codeigniter4-framework-2849e7f\\app\\Views\\student_profile.php', 141)
 2 SYSTEMPATH\View\View.php(234): include('C:\\Users\\Home\\Desktop\\codeigniter4-framework-v4.5.5-0-g2849e7f\\codeigniter4-framework-2849e7f\\app\\Views\\student_profile.php')
 3 SYSTEMPATH\View\View.php(237): CodeIgniter\View\View->CodeIgniter\View\{closure}()
 4 SYSTEMPATH\Common.php(1171): CodeIgniter\View\View->render('student_profile', [], true)
 5 APPPATH\Controllers\StudentController.php(37): view('student_profile', [...])
 6 SYSTEMPATH\CodeIgniter.php(933): App\Controllers\StudentController->profile('43')
 7 SYSTEMPATH\CodeIgniter.php(509): CodeIgniter\CodeIgniter->runController(Object(App\Controllers\StudentController))
 8 SYSTEMPATH\CodeIgniter.php(355): CodeIgniter\CodeIgniter->handleRequest(null, Object(Config\Cache), false)
 9 SYSTEMPATH\Boot.php(325): CodeIgniter\CodeIgniter->run()
10 SYSTEMPATH\Boot.php(67): CodeIgniter\Boot::runCodeIgniter(Object(CodeIgniter\CodeIgniter))
11 FCPATH\index.php(56): CodeIgniter\Boot::bootWeb(Object(Config\Paths))
12 SYSTEMPATH\rewrite.php(44): require_once('C:\\Users\\Home\\Desktop\\codeigniter4-framework-v4.5.5-0-g2849e7f\\codeigniter4-framework-2849e7f\\public\\index.php')
ERROR - 2024-11-20 19:34:17 --> mysqli_sql_exception: Cannot delete or update a parent row: a foreign key constraint fails (`codeigniter`.`attestation_inscription`, CONSTRAINT `attestation_inscription_ibfk_1` FOREIGN KEY (`student_id`) REFERENCES `students` (`id`)) in C:\Users\Home\Desktop\codeigniter4-framework-v4.5.5-0-g2849e7f\codeigniter4-framework-2849e7f\system\Database\MySQLi\Connection.php:312
Stack trace:
#0 C:\Users\Home\Desktop\codeigniter4-framework-v4.5.5-0-g2849e7f\codeigniter4-framework-2849e7f\system\Database\MySQLi\Connection.php(312): mysqli->query('DELETE FROM `st...', 0)
#1 C:\Users\Home\Desktop\codeigniter4-framework-v4.5.5-0-g2849e7f\codeigniter4-framework-2849e7f\system\Database\BaseConnection.php(734): CodeIgniter\Database\MySQLi\Connection->execute('DELETE FROM `st...')
#2 C:\Users\Home\Desktop\codeigniter4-framework-v4.5.5-0-g2849e7f\codeigniter4-framework-2849e7f\system\Database\BaseConnection.php(648): CodeIgniter\Database\BaseConnection->simpleQuery('DELETE FROM `st...')
#3 C:\Users\Home\Desktop\codeigniter4-framework-v4.5.5-0-g2849e7f\codeigniter4-framework-2849e7f\system\Database\BaseBuilder.php(2843): CodeIgniter\Database\BaseConnection->query('DELETE FROM `st...', Array, false)
#4 C:\Users\Home\Desktop\codeigniter4-framework-v4.5.5-0-g2849e7f\codeigniter4-framework-2849e7f\system\Model.php(521): CodeIgniter\Database\BaseBuilder->delete()
#5 C:\Users\Home\Desktop\codeigniter4-framework-v4.5.5-0-g2849e7f\codeigniter4-framework-2849e7f\system\BaseModel.php(1158): CodeIgniter\Model->doDelete(Array, false)
#6 C:\Users\Home\Desktop\codeigniter4-framework-v4.5.5-0-g2849e7f\codeigniter4-framework-2849e7f\app\Controllers\StudentController.php(249): CodeIgniter\BaseModel->delete(Array)
#7 C:\Users\Home\Desktop\codeigniter4-framework-v4.5.5-0-g2849e7f\codeigniter4-framework-2849e7f\system\CodeIgniter.php(933): App\Controllers\StudentController->delete('44')
#8 C:\Users\Home\Desktop\codeigniter4-framework-v4.5.5-0-g2849e7f\codeigniter4-framework-2849e7f\system\CodeIgniter.php(509): CodeIgniter\CodeIgniter->runController(Object(App\Controllers\StudentController))
#9 C:\Users\Home\Desktop\codeigniter4-framework-v4.5.5-0-g2849e7f\codeigniter4-framework-2849e7f\system\CodeIgniter.php(355): CodeIgniter\CodeIgniter->handleRequest(NULL, Object(Config\Cache), false)
#10 C:\Users\Home\Desktop\codeigniter4-framework-v4.5.5-0-g2849e7f\codeigniter4-framework-2849e7f\system\Boot.php(325): CodeIgniter\CodeIgniter->run()
#11 C:\Users\Home\Desktop\codeigniter4-framework-v4.5.5-0-g2849e7f\codeigniter4-framework-2849e7f\system\Boot.php(67): CodeIgniter\Boot::runCodeIgniter(Object(CodeIgniter\CodeIgniter))
#12 C:\Users\Home\Desktop\codeigniter4-framework-v4.5.5-0-g2849e7f\codeigniter4-framework-2849e7f\public\index.php(56): CodeIgniter\Boot::bootWeb(Object(Config\Paths))
#13 C:\Users\Home\Desktop\codeigniter4-framework-v4.5.5-0-g2849e7f\codeigniter4-framework-2849e7f\system\rewrite.php(44): require_once('C:\\Users\\Home\\D...')
#14 {main}
CRITICAL - 2024-11-20 19:34:17 --> CodeIgniter\Database\Exceptions\DatabaseException: Cannot delete or update a parent row: a foreign key constraint fails (`codeigniter`.`attestation_inscription`, CONSTRAINT `attestation_inscription_ibfk_1` FOREIGN KEY (`student_id`) REFERENCES `students` (`id`))
[Method: GET, Route: student/delete/44]
in SYSTEMPATH\Database\BaseConnection.php on line 688.
 1 SYSTEMPATH\Database\BaseBuilder.php(2843): CodeIgniter\Database\BaseConnection->query('DELETE FROM `students`
WHERE `id` IN :id:', [...], false)
 2 SYSTEMPATH\Model.php(521): CodeIgniter\Database\BaseBuilder->delete()
 3 SYSTEMPATH\BaseModel.php(1158): CodeIgniter\Model->doDelete([...], false)
 4 APPPATH\Controllers\StudentController.php(249): CodeIgniter\BaseModel->delete([...])
 5 SYSTEMPATH\CodeIgniter.php(933): App\Controllers\StudentController->delete('44')
 6 SYSTEMPATH\CodeIgniter.php(509): CodeIgniter\CodeIgniter->runController(Object(App\Controllers\StudentController))
 7 SYSTEMPATH\CodeIgniter.php(355): CodeIgniter\CodeIgniter->handleRequest(null, Object(Config\Cache), false)
 8 SYSTEMPATH\Boot.php(325): CodeIgniter\CodeIgniter->run()
 9 SYSTEMPATH\Boot.php(67): CodeIgniter\Boot::runCodeIgniter(Object(CodeIgniter\CodeIgniter))
10 FCPATH\index.php(56): CodeIgniter\Boot::bootWeb(Object(Config\Paths))
11 SYSTEMPATH\rewrite.php(44): require_once('C:\\Users\\Home\\Desktop\\codeigniter4-framework-v4.5.5-0-g2849e7f\\codeigniter4-framework-2849e7f\\public\\index.php')
CRITICAL - 2024-11-20 19:34:17 --> [Caused by] CodeIgniter\Database\Exceptions\DatabaseException: Cannot delete or update a parent row: a foreign key constraint fails (`codeigniter`.`attestation_inscription`, CONSTRAINT `attestation_inscription_ibfk_1` FOREIGN KEY (`student_id`) REFERENCES `students` (`id`))
in SYSTEMPATH\Database\MySQLi\Connection.php on line 317.
 1 SYSTEMPATH\Database\BaseConnection.php(734): CodeIgniter\Database\MySQLi\Connection->execute('DELETE FROM `students`
WHERE `id` IN (\'44\')')
 2 SYSTEMPATH\Database\BaseConnection.php(648): CodeIgniter\Database\BaseConnection->simpleQuery('DELETE FROM `students`
WHERE `id` IN (\'44\')')
 3 SYSTEMPATH\Database\BaseBuilder.php(2843): CodeIgniter\Database\BaseConnection->query('DELETE FROM `students`
WHERE `id` IN :id:', [...], false)
 4 SYSTEMPATH\Model.php(521): CodeIgniter\Database\BaseBuilder->delete()
 5 SYSTEMPATH\BaseModel.php(1158): CodeIgniter\Model->doDelete([...], false)
 6 APPPATH\Controllers\StudentController.php(249): CodeIgniter\BaseModel->delete([...])
 7 SYSTEMPATH\CodeIgniter.php(933): App\Controllers\StudentController->delete('44')
 8 SYSTEMPATH\CodeIgniter.php(509): CodeIgniter\CodeIgniter->runController(Object(App\Controllers\StudentController))
 9 SYSTEMPATH\CodeIgniter.php(355): CodeIgniter\CodeIgniter->handleRequest(null, Object(Config\Cache), false)
10 SYSTEMPATH\Boot.php(325): CodeIgniter\CodeIgniter->run()
11 SYSTEMPATH\Boot.php(67): CodeIgniter\Boot::runCodeIgniter(Object(CodeIgniter\CodeIgniter))
12 FCPATH\index.php(56): CodeIgniter\Boot::bootWeb(Object(Config\Paths))
13 SYSTEMPATH\rewrite.php(44): require_once('C:\\Users\\Home\\Desktop\\codeigniter4-framework-v4.5.5-0-g2849e7f\\codeigniter4-framework-2849e7f\\public\\index.php')
CRITICAL - 2024-11-20 19:34:17 --> [Caused by] mysqli_sql_exception: Cannot delete or update a parent row: a foreign key constraint fails (`codeigniter`.`attestation_inscription`, CONSTRAINT `attestation_inscription_ibfk_1` FOREIGN KEY (`student_id`) REFERENCES `students` (`id`))
in SYSTEMPATH\Database\MySQLi\Connection.php on line 312.
 1 SYSTEMPATH\Database\MySQLi\Connection.php(312): mysqli->query('DELETE FROM `students`
WHERE `id` IN (\'44\')', 0)
 2 SYSTEMPATH\Database\BaseConnection.php(734): CodeIgniter\Database\MySQLi\Connection->execute('DELETE FROM `students`
WHERE `id` IN (\'44\')')
 3 SYSTEMPATH\Database\BaseConnection.php(648): CodeIgniter\Database\BaseConnection->simpleQuery('DELETE FROM `students`
WHERE `id` IN (\'44\')')
 4 SYSTEMPATH\Database\BaseBuilder.php(2843): CodeIgniter\Database\BaseConnection->query('DELETE FROM `students`
WHERE `id` IN :id:', [...], false)
 5 SYSTEMPATH\Model.php(521): CodeIgniter\Database\BaseBuilder->delete()
 6 SYSTEMPATH\BaseModel.php(1158): CodeIgniter\Model->doDelete([...], false)
 7 APPPATH\Controllers\StudentController.php(249): CodeIgniter\BaseModel->delete([...])
 8 SYSTEMPATH\CodeIgniter.php(933): App\Controllers\StudentController->delete('44')
 9 SYSTEMPATH\CodeIgniter.php(509): CodeIgniter\CodeIgniter->runController(Object(App\Controllers\StudentController))
10 SYSTEMPATH\CodeIgniter.php(355): CodeIgniter\CodeIgniter->handleRequest(null, Object(Config\Cache), false)
11 SYSTEMPATH\Boot.php(325): CodeIgniter\CodeIgniter->run()
12 SYSTEMPATH\Boot.php(67): CodeIgniter\Boot::runCodeIgniter(Object(CodeIgniter\CodeIgniter))
13 FCPATH\index.php(56): CodeIgniter\Boot::bootWeb(Object(Config\Paths))
14 SYSTEMPATH\rewrite.php(44): require_once('C:\\Users\\Home\\Desktop\\codeigniter4-framework-v4.5.5-0-g2849e7f\\codeigniter4-framework-2849e7f\\public\\index.php')
